DEBUG - 2025-08-31 15:50:35 --> Session: Class initialized using 'CodeIgniter\Session\Handlers\FileHandler' driver.
DEBUG - 2025-08-31 15:50:45 --> Session: Class initialized using 'CodeIgniter\Session\Handlers\FileHandler' driver.
WARNING - 2025-08-31 15:51:06 --> [DEPRECATED] Creation of dynamic property App\Controllers\UserController::$wishlistModel is deprecated in APPPATH\Controllers\UserController.php on line 17.
 1 SYSTEMPATH\CodeIgniter.php(903): App\Controllers\UserController->__construct()
 2 SYSTEMPATH\CodeIgniter.php(498): CodeIgniter\CodeIgniter->createController()
 3 SYSTEMPATH\CodeIgniter.php(354): CodeIgniter\CodeIgniter->handleRequest(null, Object(Config\Cache), false)
 4 SYSTEMPATH\Boot.php(334): CodeIgniter\CodeIgniter->run()
 5 SYSTEMPATH\Boot.php(67): CodeIgniter\Boot::runCodeIgniter(Object(CodeIgniter\CodeIgniter))
 6 FCPATH\index.php(59): CodeIgniter\Boot::bootWeb(Object(Config\Paths))
 7 SYSTEMPATH\rewrite.php(44): require_once('C:\\laragon\\www\\projek\\public\\index.php')
DEBUG - 2025-08-31 15:51:06 --> Session: Class initialized using 'CodeIgniter\Session\Handlers\FileHandler' driver.
DEBUG - 2025-08-31 15:51:08 --> Session: Class initialized using 'CodeIgniter\Session\Handlers\FileHandler' driver.
DEBUG - 2025-08-31 15:51:37 --> Session: Class initialized using 'CodeIgniter\Session\Handlers\FileHandler' driver.
DEBUG - 2025-08-31 16:06:26 --> Session: Class initialized using 'CodeIgniter\Session\Handlers\FileHandler' driver.
DEBUG - 2025-08-31 16:06:32 --> Session: Class initialized using 'CodeIgniter\Session\Handlers\FileHandler' driver.
DEBUG - 2025-08-31 16:09:38 --> Session: Class initialized using 'CodeIgniter\Session\Handlers\FileHandler' driver.
DEBUG - 2025-08-31 16:12:29 --> Session: Class initialized using 'CodeIgniter\Session\Handlers\FileHandler' driver.
DEBUG - 2025-08-31 16:28:28 --> Session: Class initialized using 'CodeIgniter\Session\Handlers\FileHandler' driver.
DEBUG - 2025-08-31 16:30:28 --> Session: Class initialized using 'CodeIgniter\Session\Handlers\FileHandler' driver.
DEBUG - 2025-08-31 16:33:06 --> Session: Class initialized using 'CodeIgniter\Session\Handlers\FileHandler' driver.
DEBUG - 2025-08-31 16:57:21 --> Session: Class initialized using 'CodeIgniter\Session\Handlers\FileHandler' driver.
DEBUG - 2025-08-31 17:01:07 --> Session: Class initialized using 'CodeIgniter\Session\Handlers\FileHandler' driver.
DEBUG - 2025-08-31 17:01:21 --> Session: Class initialized using 'CodeIgniter\Session\Handlers\FileHandler' driver.
DEBUG - 2025-08-31 17:07:59 --> Session: Class initialized using 'CodeIgniter\Session\Handlers\FileHandler' driver.
DEBUG - 2025-08-31 17:14:28 --> Session: Class initialized using 'CodeIgniter\Session\Handlers\FileHandler' driver.
DEBUG - 2025-08-31 17:17:57 --> Session: Class initialized using 'CodeIgniter\Session\Handlers\FileHandler' driver.
DEBUG - 2025-08-31 17:21:42 --> Session: Class initialized using 'CodeIgniter\Session\Handlers\FileHandler' driver.
DEBUG - 2025-08-31 17:24:07 --> Session: Class initialized using 'CodeIgniter\Session\Handlers\FileHandler' driver.
DEBUG - 2025-08-31 17:24:15 --> Session: Class initialized using 'CodeIgniter\Session\Handlers\FileHandler' driver.
DEBUG - 2025-08-31 17:24:43 --> Session: Class initialized using 'CodeIgniter\Session\Handlers\FileHandler' driver.
DEBUG - 2025-08-31 17:24:46 --> Session: Class initialized using 'CodeIgniter\Session\Handlers\FileHandler' driver.
DEBUG - 2025-08-31 17:24:48 --> Session: Class initialized using 'CodeIgniter\Session\Handlers\FileHandler' driver.
DEBUG - 2025-08-31 17:26:21 --> Session: Class initialized using 'CodeIgniter\Session\Handlers\FileHandler' driver.
DEBUG - 2025-08-31 17:27:41 --> Session: Class initialized using 'CodeIgniter\Session\Handlers\FileHandler' driver.
DEBUG - 2025-08-31 17:28:02 --> Session: Class initialized using 'CodeIgniter\Session\Handlers\FileHandler' driver.
DEBUG - 2025-08-31 17:28:28 --> Session: Class initialized using 'CodeIgniter\Session\Handlers\FileHandler' driver.
DEBUG - 2025-08-31 17:28:34 --> Session: Class initialized using 'CodeIgniter\Session\Handlers\FileHandler' driver.
DEBUG - 2025-08-31 17:28:58 --> Session: Class initialized using 'CodeIgniter\Session\Handlers\FileHandler' driver.
DEBUG - 2025-08-31 17:33:09 --> Session: Class initialized using 'CodeIgniter\Session\Handlers\FileHandler' driver.
DEBUG - 2025-08-31 17:33:39 --> Session: Class initialized using 'CodeIgniter\Session\Handlers\FileHandler' driver.
DEBUG - 2025-08-31 17:39:10 --> Session: Class initialized using 'CodeIgniter\Session\Handlers\FileHandler' driver.
DEBUG - 2025-08-31 17:39:43 --> Session: Class initialized using 'CodeIgniter\Session\Handlers\FileHandler' driver.
DEBUG - 2025-08-31 17:39:44 --> Session: Class initialized using 'CodeIgniter\Session\Handlers\FileHandler' driver.
DEBUG - 2025-08-31 17:40:20 --> Session: Class initialized using 'CodeIgniter\Session\Handlers\FileHandler' driver.
DEBUG - 2025-08-31 17:40:20 --> Session: Class initialized using 'CodeIgniter\Session\Handlers\FileHandler' driver.
DEBUG - 2025-08-31 17:40:52 --> Session: Class initialized using 'CodeIgniter\Session\Handlers\FileHandler' driver.
DEBUG - 2025-08-31 17:40:52 --> Session: Class initialized using 'CodeIgniter\Session\Handlers\FileHandler' driver.
CRITICAL - 2025-08-31 18:02:28 --> Error: Class "App\Controllers\WilayahModel" not found
[Method: GET, Route: register]
in APPPATH\Controllers\AuthController.php on line 17.
 1 SYSTEMPATH\CodeIgniter.php(903): App\Controllers\AuthController->__construct()
 2 SYSTEMPATH\CodeIgniter.php(498): CodeIgniter\CodeIgniter->createController()
 3 SYSTEMPATH\CodeIgniter.php(354): CodeIgniter\CodeIgniter->handleRequest(null, Object(Config\Cache), false)
 4 SYSTEMPATH\Boot.php(334): CodeIgniter\CodeIgniter->run()
 5 SYSTEMPATH\Boot.php(67): CodeIgniter\Boot::runCodeIgniter(Object(CodeIgniter\CodeIgniter))
 6 FCPATH\index.php(59): CodeIgniter\Boot::bootWeb(Object(Config\Paths))
 7 SYSTEMPATH\rewrite.php(44): require_once('C:\\laragon\\www\\projek\\public\\index.php')
DEBUG - 2025-08-31 18:03:16 --> Session: Class initialized using 'CodeIgniter\Session\Handlers\FileHandler' driver.
CRITICAL - 2025-08-31 18:03:18 --> Error: Class "App\Controllers\WilayahModel" not found
[Method: GET, Route: login]
in APPPATH\Controllers\AuthController.php on line 17.
 1 SYSTEMPATH\CodeIgniter.php(903): App\Controllers\AuthController->__construct()
 2 SYSTEMPATH\CodeIgniter.php(498): CodeIgniter\CodeIgniter->createController()
 3 SYSTEMPATH\CodeIgniter.php(354): CodeIgniter\CodeIgniter->handleRequest(null, Object(Config\Cache), false)
 4 SYSTEMPATH\Boot.php(334): CodeIgniter\CodeIgniter->run()
 5 SYSTEMPATH\Boot.php(67): CodeIgniter\Boot::runCodeIgniter(Object(CodeIgniter\CodeIgniter))
 6 FCPATH\index.php(59): CodeIgniter\Boot::bootWeb(Object(Config\Paths))
 7 SYSTEMPATH\rewrite.php(44): require_once('C:\\laragon\\www\\projek\\public\\index.php')
DEBUG - 2025-08-31 18:06:31 --> Session: Class initialized using 'CodeIgniter\Session\Handlers\FileHandler' driver.
WARNING - 2025-08-31 18:06:32 --> [DEPRECATED] Creation of dynamic property App\Controllers\AuthController::$wilayahModel is deprecated in APPPATH\Controllers\AuthController.php on line 18.
 1 SYSTEMPATH\CodeIgniter.php(903): App\Controllers\AuthController->__construct()
 2 SYSTEMPATH\CodeIgniter.php(498): CodeIgniter\CodeIgniter->createController()
 3 SYSTEMPATH\CodeIgniter.php(354): CodeIgniter\CodeIgniter->handleRequest(null, Object(Config\Cache), false)
 4 SYSTEMPATH\Boot.php(334): CodeIgniter\CodeIgniter->run()
 5 SYSTEMPATH\Boot.php(67): CodeIgniter\Boot::runCodeIgniter(Object(CodeIgniter\CodeIgniter))
 6 FCPATH\index.php(59): CodeIgniter\Boot::bootWeb(Object(Config\Paths))
 7 SYSTEMPATH\rewrite.php(44): require_once('C:\\laragon\\www\\projek\\public\\index.php')
DEBUG - 2025-08-31 18:06:32 --> Session: Class initialized using 'CodeIgniter\Session\Handlers\FileHandler' driver.
WARNING - 2025-08-31 18:06:35 --> [DEPRECATED] Creation of dynamic property App\Controllers\AuthController::$wilayahModel is deprecated in APPPATH\Controllers\AuthController.php on line 18.
 1 SYSTEMPATH\CodeIgniter.php(903): App\Controllers\AuthController->__construct()
 2 SYSTEMPATH\CodeIgniter.php(498): CodeIgniter\CodeIgniter->createController()
 3 SYSTEMPATH\CodeIgniter.php(354): CodeIgniter\CodeIgniter->handleRequest(null, Object(Config\Cache), false)
 4 SYSTEMPATH\Boot.php(334): CodeIgniter\CodeIgniter->run()
 5 SYSTEMPATH\Boot.php(67): CodeIgniter\Boot::runCodeIgniter(Object(CodeIgniter\CodeIgniter))
 6 FCPATH\index.php(59): CodeIgniter\Boot::bootWeb(Object(Config\Paths))
 7 SYSTEMPATH\rewrite.php(44): require_once('C:\\laragon\\www\\projek\\public\\index.php')
DEBUG - 2025-08-31 18:06:35 --> Session: Class initialized using 'CodeIgniter\Session\Handlers\FileHandler' driver.
WARNING - 2025-08-31 18:07:01 --> [DEPRECATED] Creation of dynamic property App\Controllers\AuthController::$wilayahModel is deprecated in APPPATH\Controllers\AuthController.php on line 18.
 1 SYSTEMPATH\CodeIgniter.php(903): App\Controllers\AuthController->__construct()
 2 SYSTEMPATH\CodeIgniter.php(498): CodeIgniter\CodeIgniter->createController()
 3 SYSTEMPATH\CodeIgniter.php(354): CodeIgniter\CodeIgniter->handleRequest(null, Object(Config\Cache), false)
 4 SYSTEMPATH\Boot.php(334): CodeIgniter\CodeIgniter->run()
 5 SYSTEMPATH\Boot.php(67): CodeIgniter\Boot::runCodeIgniter(Object(CodeIgniter\CodeIgniter))
 6 FCPATH\index.php(59): CodeIgniter\Boot::bootWeb(Object(Config\Paths))
 7 SYSTEMPATH\rewrite.php(44): require_once('C:\\laragon\\www\\projek\\public\\index.php')
CRITICAL - 2025-08-31 18:07:01 --> ErrorException: Undefined variable $kota
[Method: POST, Route: registerAction]
in APPPATH\Controllers\AuthController.php on line 102.
 1 APPPATH\Controllers\AuthController.php(102): CodeIgniter\Debug\Exceptions->errorHandler(2, 'Undefined variable $kota', 'C:\\laragon\\www\\projek\\app\\Controllers\\AuthController.php', 102)
 2 SYSTEMPATH\CodeIgniter.php(933): App\Controllers\AuthController->registerAction()
 3 SYSTEMPATH\CodeIgniter.php(507): CodeIgniter\CodeIgniter->runController(Object(App\Controllers\AuthController))
 4 SYSTEMPATH\CodeIgniter.php(354): CodeIgniter\CodeIgniter->handleRequest(null, Object(Config\Cache), false)
 5 SYSTEMPATH\Boot.php(334): CodeIgniter\CodeIgniter->run()
 6 SYSTEMPATH\Boot.php(67): CodeIgniter\Boot::runCodeIgniter(Object(CodeIgniter\CodeIgniter))
 7 FCPATH\index.php(59): CodeIgniter\Boot::bootWeb(Object(Config\Paths))
 8 SYSTEMPATH\rewrite.php(44): require_once('C:\\laragon\\www\\projek\\public\\index.php')
WARNING - 2025-08-31 18:09:40 --> [DEPRECATED] Creation of dynamic property App\Controllers\AuthController::$wilayahModel is deprecated in APPPATH\Controllers\AuthController.php on line 18.
 1 SYSTEMPATH\CodeIgniter.php(903): App\Controllers\AuthController->__construct()
 2 SYSTEMPATH\CodeIgniter.php(498): CodeIgniter\CodeIgniter->createController()
 3 SYSTEMPATH\CodeIgniter.php(354): CodeIgniter\CodeIgniter->handleRequest(null, Object(Config\Cache), false)
 4 SYSTEMPATH\Boot.php(334): CodeIgniter\CodeIgniter->run()
 5 SYSTEMPATH\Boot.php(67): CodeIgniter\Boot::runCodeIgniter(Object(CodeIgniter\CodeIgniter))
 6 FCPATH\index.php(59): CodeIgniter\Boot::bootWeb(Object(Config\Paths))
 7 SYSTEMPATH\rewrite.php(44): require_once('C:\\laragon\\www\\projek\\public\\index.php')
ERROR - 2025-08-31 18:09:41 --> mysqli_sql_exception: You have an error in your SQL syntax; check the manual that corresponds to your MySQL server version for the right syntax to use near ':code: OR id = :code: OR kota_id = :code:) (15)' at line 3 in C:\laragon\www\projek\system\Database\MySQLi\Connection.php:327
Stack trace:
#0 C:\laragon\www\projek\system\Database\MySQLi\Connection.php(327): mysqli->query('SELECT COALESCE...', 0)
#1 C:\laragon\www\projek\system\Database\BaseConnection.php(738): CodeIgniter\Database\MySQLi\Connection->execute('SELECT COALESCE...')
#2 C:\laragon\www\projek\system\Database\BaseConnection.php(652): CodeIgniter\Database\BaseConnection->simpleQuery('SELECT COALESCE...')
#3 C:\laragon\www\projek\system\Database\BaseBuilder.php(1649): CodeIgniter\Database\BaseConnection->query('SELECT COALESCE...', Array, false)
#4 C:\laragon\www\projek\app\Models\WilayahModel.php(16): CodeIgniter\Database\BaseBuilder->get()
#5 C:\laragon\www\projek\app\Controllers\AuthController.php(104): App\Models\WilayahModel->getNamaKotaByCode('15')
#6 C:\laragon\www\projek\system\CodeIgniter.php(933): App\Controllers\AuthController->registerAction()
#7 C:\laragon\www\projek\system\CodeIgniter.php(507): CodeIgniter\CodeIgniter->runController(Object(App\Controllers\AuthController))
#8 C:\laragon\www\projek\system\CodeIgniter.php(354): CodeIgniter\CodeIgniter->handleRequest(NULL, Object(Config\Cache), false)
#9 C:\laragon\www\projek\system\Boot.php(334): CodeIgniter\CodeIgniter->run()
#10 C:\laragon\www\projek\system\Boot.php(67): CodeIgniter\Boot::runCodeIgniter(Object(CodeIgniter\CodeIgniter))
#11 C:\laragon\www\projek\public\index.php(59): CodeIgniter\Boot::bootWeb(Object(Config\Paths))
#12 C:\laragon\www\projek\system\rewrite.php(44): require_once('C:\\laragon\\www\\...')
#13 {main}
CRITICAL - 2025-08-31 18:09:41 --> CodeIgniter\Database\Exceptions\DatabaseException: You have an error in your SQL syntax; check the manual that corresponds to your MySQL server version for the right syntax to use near ':code: OR id = :code: OR kota_id = :code:) (15)' at line 3
[Method: POST, Route: registerAction]
in SYSTEMPATH\Database\BaseConnection.php on line 692.
 1 SYSTEMPATH\Database\BaseBuilder.php(1649): CodeIgniter\Database\BaseConnection->query('SELECT COALESCE(name, `Nama`, `nama`, nama_kota) AS nama
FROM `kota`
WHERE (code = :code: OR id = :code: OR kota_id = :code:) :(code = :code: OR id = :code: OR kota_id = :code:):', [...], false)
 2 APPPATH\Models\WilayahModel.php(16): CodeIgniter\Database\BaseBuilder->get()
 3 APPPATH\Controllers\AuthController.php(104): App\Models\WilayahModel->getNamaKotaByCode('15')
 4 SYSTEMPATH\CodeIgniter.php(933): App\Controllers\AuthController->registerAction()
 5 SYSTEMPATH\CodeIgniter.php(507): CodeIgniter\CodeIgniter->runController(Object(App\Controllers\AuthController))
 6 SYSTEMPATH\CodeIgniter.php(354): CodeIgniter\CodeIgniter->handleRequest(null, Object(Config\Cache), false)
 7 SYSTEMPATH\Boot.php(334): CodeIgniter\CodeIgniter->run()
 8 SYSTEMPATH\Boot.php(67): CodeIgniter\Boot::runCodeIgniter(Object(CodeIgniter\CodeIgniter))
 9 FCPATH\index.php(59): CodeIgniter\Boot::bootWeb(Object(Config\Paths))
10 SYSTEMPATH\rewrite.php(44): require_once('C:\\laragon\\www\\projek\\public\\index.php')
CRITICAL - 2025-08-31 18:09:41 --> [Caused by] CodeIgniter\Database\Exceptions\DatabaseException: You have an error in your SQL syntax; check the manual that corresponds to your MySQL server version for the right syntax to use near ':code: OR id = :code: OR kota_id = :code:) (15)' at line 3
in SYSTEMPATH\Database\MySQLi\Connection.php on line 332.
 1 SYSTEMPATH\Database\BaseConnection.php(738): CodeIgniter\Database\MySQLi\Connection->execute('SELECT COALESCE(name, `Nama`, `nama`, nama_kota) AS nama
FROM `kota`
WHERE (code = :code: OR id = :code: OR kota_id = :code:) (15)')
 2 SYSTEMPATH\Database\BaseConnection.php(652): CodeIgniter\Database\BaseConnection->simpleQuery('SELECT COALESCE(name, `Nama`, `nama`, nama_kota) AS nama
FROM `kota`
WHERE (code = :code: OR id = :code: OR kota_id = :code:) (15)')
 3 SYSTEMPATH\Database\BaseBuilder.php(1649): CodeIgniter\Database\BaseConnection->query('SELECT COALESCE(name, `Nama`, `nama`, nama_kota) AS nama
FROM `kota`
WHERE (code = :code: OR id = :code: OR kota_id = :code:) :(code = :code: OR id = :code: OR kota_id = :code:):', [...], false)
 4 APPPATH\Models\WilayahModel.php(16): CodeIgniter\Database\BaseBuilder->get()
 5 APPPATH\Controllers\AuthController.php(104): App\Models\WilayahModel->getNamaKotaByCode('15')
 6 SYSTEMPATH\CodeIgniter.php(933): App\Controllers\AuthController->registerAction()
 7 SYSTEMPATH\CodeIgniter.php(507): CodeIgniter\CodeIgniter->runController(Object(App\Controllers\AuthController))
 8 SYSTEMPATH\CodeIgniter.php(354): CodeIgniter\CodeIgniter->handleRequest(null, Object(Config\Cache), false)
 9 SYSTEMPATH\Boot.php(334): CodeIgniter\CodeIgniter->run()
10 SYSTEMPATH\Boot.php(67): CodeIgniter\Boot::runCodeIgniter(Object(CodeIgniter\CodeIgniter))
11 FCPATH\index.php(59): CodeIgniter\Boot::bootWeb(Object(Config\Paths))
12 SYSTEMPATH\rewrite.php(44): require_once('C:\\laragon\\www\\projek\\public\\index.php')
CRITICAL - 2025-08-31 18:09:41 --> [Caused by] mysqli_sql_exception: You have an error in your SQL syntax; check the manual that corresponds to your MySQL server version for the right syntax to use near ':code: OR id = :code: OR kota_id = :code:) (15)' at line 3
in SYSTEMPATH\Database\MySQLi\Connection.php on line 327.
 1 SYSTEMPATH\Database\MySQLi\Connection.php(327): mysqli->query('SELECT COALESCE(name, `Nama`, `nama`, nama_kota) AS nama
FROM `kota`
WHERE (code = :code: OR id = :code: OR kota_id = :code:) (15)', 0)
 2 SYSTEMPATH\Database\BaseConnection.php(738): CodeIgniter\Database\MySQLi\Connection->execute('SELECT COALESCE(name, `Nama`, `nama`, nama_kota) AS nama
FROM `kota`
WHERE (code = :code: OR id = :code: OR kota_id = :code:) (15)')
 3 SYSTEMPATH\Database\BaseConnection.php(652): CodeIgniter\Database\BaseConnection->simpleQuery('SELECT COALESCE(name, `Nama`, `nama`, nama_kota) AS nama
FROM `kota`
WHERE (code = :code: OR id = :code: OR kota_id = :code:) (15)')
 4 SYSTEMPATH\Database\BaseBuilder.php(1649): CodeIgniter\Database\BaseConnection->query('SELECT COALESCE(name, `Nama`, `nama`, nama_kota) AS nama
FROM `kota`
WHERE (code = :code: OR id = :code: OR kota_id = :code:) :(code = :code: OR id = :code: OR kota_id = :code:):', [...], false)
 5 APPPATH\Models\WilayahModel.php(16): CodeIgniter\Database\BaseBuilder->get()
 6 APPPATH\Controllers\AuthController.php(104): App\Models\WilayahModel->getNamaKotaByCode('15')
 7 SYSTEMPATH\CodeIgniter.php(933): App\Controllers\AuthController->registerAction()
 8 SYSTEMPATH\CodeIgniter.php(507): CodeIgniter\CodeIgniter->runController(Object(App\Controllers\AuthController))
 9 SYSTEMPATH\CodeIgniter.php(354): CodeIgniter\CodeIgniter->handleRequest(null, Object(Config\Cache), false)
10 SYSTEMPATH\Boot.php(334): CodeIgniter\CodeIgniter->run()
11 SYSTEMPATH\Boot.php(67): CodeIgniter\Boot::runCodeIgniter(Object(CodeIgniter\CodeIgniter))
12 FCPATH\index.php(59): CodeIgniter\Boot::bootWeb(Object(Config\Paths))
13 SYSTEMPATH\rewrite.php(44): require_once('C:\\laragon\\www\\projek\\public\\index.php')
DEBUG - 2025-08-31 18:10:11 --> Session: Class initialized using 'CodeIgniter\Session\Handlers\FileHandler' driver.
WARNING - 2025-08-31 18:10:13 --> [DEPRECATED] Creation of dynamic property App\Controllers\AuthController::$wilayahModel is deprecated in APPPATH\Controllers\AuthController.php on line 18.
 1 SYSTEMPATH\CodeIgniter.php(903): App\Controllers\AuthController->__construct()
 2 SYSTEMPATH\CodeIgniter.php(498): CodeIgniter\CodeIgniter->createController()
 3 SYSTEMPATH\CodeIgniter.php(354): CodeIgniter\CodeIgniter->handleRequest(null, Object(Config\Cache), false)
 4 SYSTEMPATH\Boot.php(334): CodeIgniter\CodeIgniter->run()
 5 SYSTEMPATH\Boot.php(67): CodeIgniter\Boot::runCodeIgniter(Object(CodeIgniter\CodeIgniter))
 6 FCPATH\index.php(59): CodeIgniter\Boot::bootWeb(Object(Config\Paths))
 7 SYSTEMPATH\rewrite.php(44): require_once('C:\\laragon\\www\\projek\\public\\index.php')
DEBUG - 2025-08-31 18:10:13 --> Session: Class initialized using 'CodeIgniter\Session\Handlers\FileHandler' driver.
WARNING - 2025-08-31 18:10:15 --> [DEPRECATED] Creation of dynamic property App\Controllers\AuthController::$wilayahModel is deprecated in APPPATH\Controllers\AuthController.php on line 18.
 1 SYSTEMPATH\CodeIgniter.php(903): App\Controllers\AuthController->__construct()
 2 SYSTEMPATH\CodeIgniter.php(498): CodeIgniter\CodeIgniter->createController()
 3 SYSTEMPATH\CodeIgniter.php(354): CodeIgniter\CodeIgniter->handleRequest(null, Object(Config\Cache), false)
 4 SYSTEMPATH\Boot.php(334): CodeIgniter\CodeIgniter->run()
 5 SYSTEMPATH\Boot.php(67): CodeIgniter\Boot::runCodeIgniter(Object(CodeIgniter\CodeIgniter))
 6 FCPATH\index.php(59): CodeIgniter\Boot::bootWeb(Object(Config\Paths))
 7 SYSTEMPATH\rewrite.php(44): require_once('C:\\laragon\\www\\projek\\public\\index.php')
DEBUG - 2025-08-31 18:10:15 --> Session: Class initialized using 'CodeIgniter\Session\Handlers\FileHandler' driver.
WARNING - 2025-08-31 18:10:36 --> [DEPRECATED] Creation of dynamic property App\Controllers\AuthController::$wilayahModel is deprecated in APPPATH\Controllers\AuthController.php on line 18.
 1 SYSTEMPATH\CodeIgniter.php(903): App\Controllers\AuthController->__construct()
 2 SYSTEMPATH\CodeIgniter.php(498): CodeIgniter\CodeIgniter->createController()
 3 SYSTEMPATH\CodeIgniter.php(354): CodeIgniter\CodeIgniter->handleRequest(null, Object(Config\Cache), false)
 4 SYSTEMPATH\Boot.php(334): CodeIgniter\CodeIgniter->run()
 5 SYSTEMPATH\Boot.php(67): CodeIgniter\Boot::runCodeIgniter(Object(CodeIgniter\CodeIgniter))
 6 FCPATH\index.php(59): CodeIgniter\Boot::bootWeb(Object(Config\Paths))
 7 SYSTEMPATH\rewrite.php(44): require_once('C:\\laragon\\www\\projek\\public\\index.php')
ERROR - 2025-08-31 18:10:36 --> mysqli_sql_exception: You have an error in your SQL syntax; check the manual that corresponds to your MySQL server version for the right syntax to use near ':code: OR id = :code: OR kota_id = :code:) (17)' at line 3 in C:\laragon\www\projek\system\Database\MySQLi\Connection.php:327
Stack trace:
#0 C:\laragon\www\projek\system\Database\MySQLi\Connection.php(327): mysqli->query('SELECT COALESCE...', 0)
#1 C:\laragon\www\projek\system\Database\BaseConnection.php(738): CodeIgniter\Database\MySQLi\Connection->execute('SELECT COALESCE...')
#2 C:\laragon\www\projek\system\Database\BaseConnection.php(652): CodeIgniter\Database\BaseConnection->simpleQuery('SELECT COALESCE...')
#3 C:\laragon\www\projek\system\Database\BaseBuilder.php(1649): CodeIgniter\Database\BaseConnection->query('SELECT COALESCE...', Array, false)
#4 C:\laragon\www\projek\app\Models\WilayahModel.php(16): CodeIgniter\Database\BaseBuilder->get()
#5 C:\laragon\www\projek\app\Controllers\AuthController.php(104): App\Models\WilayahModel->getNamaKotaByCode('17')
#6 C:\laragon\www\projek\system\CodeIgniter.php(933): App\Controllers\AuthController->registerAction()
#7 C:\laragon\www\projek\system\CodeIgniter.php(507): CodeIgniter\CodeIgniter->runController(Object(App\Controllers\AuthController))
#8 C:\laragon\www\projek\system\CodeIgniter.php(354): CodeIgniter\CodeIgniter->handleRequest(NULL, Object(Config\Cache), false)
#9 C:\laragon\www\projek\system\Boot.php(334): CodeIgniter\CodeIgniter->run()
#10 C:\laragon\www\projek\system\Boot.php(67): CodeIgniter\Boot::runCodeIgniter(Object(CodeIgniter\CodeIgniter))
#11 C:\laragon\www\projek\public\index.php(59): CodeIgniter\Boot::bootWeb(Object(Config\Paths))
#12 C:\laragon\www\projek\system\rewrite.php(44): require_once('C:\\laragon\\www\\...')
#13 {main}
CRITICAL - 2025-08-31 18:10:36 --> CodeIgniter\Database\Exceptions\DatabaseException: You have an error in your SQL syntax; check the manual that corresponds to your MySQL server version for the right syntax to use near ':code: OR id = :code: OR kota_id = :code:) (17)' at line 3
[Method: POST, Route: registerAction]
in SYSTEMPATH\Database\BaseConnection.php on line 692.
 1 SYSTEMPATH\Database\BaseBuilder.php(1649): CodeIgniter\Database\BaseConnection->query('SELECT COALESCE(name, `Nama`, `nama`, nama_kota) AS nama
FROM `kota`
WHERE (code = :code: OR id = :code: OR kota_id = :code:) :(code = :code: OR id = :code: OR kota_id = :code:):', [...], false)
 2 APPPATH\Models\WilayahModel.php(16): CodeIgniter\Database\BaseBuilder->get()
 3 APPPATH\Controllers\AuthController.php(104): App\Models\WilayahModel->getNamaKotaByCode('17')
 4 SYSTEMPATH\CodeIgniter.php(933): App\Controllers\AuthController->registerAction()
 5 SYSTEMPATH\CodeIgniter.php(507): CodeIgniter\CodeIgniter->runController(Object(App\Controllers\AuthController))
 6 SYSTEMPATH\CodeIgniter.php(354): CodeIgniter\CodeIgniter->handleRequest(null, Object(Config\Cache), false)
 7 SYSTEMPATH\Boot.php(334): CodeIgniter\CodeIgniter->run()
 8 SYSTEMPATH\Boot.php(67): CodeIgniter\Boot::runCodeIgniter(Object(CodeIgniter\CodeIgniter))
 9 FCPATH\index.php(59): CodeIgniter\Boot::bootWeb(Object(Config\Paths))
10 SYSTEMPATH\rewrite.php(44): require_once('C:\\laragon\\www\\projek\\public\\index.php')
CRITICAL - 2025-08-31 18:10:36 --> [Caused by] CodeIgniter\Database\Exceptions\DatabaseException: You have an error in your SQL syntax; check the manual that corresponds to your MySQL server version for the right syntax to use near ':code: OR id = :code: OR kota_id = :code:) (17)' at line 3
in SYSTEMPATH\Database\MySQLi\Connection.php on line 332.
 1 SYSTEMPATH\Database\BaseConnection.php(738): CodeIgniter\Database\MySQLi\Connection->execute('SELECT COALESCE(name, `Nama`, `nama`, nama_kota) AS nama
FROM `kota`
WHERE (code = :code: OR id = :code: OR kota_id = :code:) (17)')
 2 SYSTEMPATH\Database\BaseConnection.php(652): CodeIgniter\Database\BaseConnection->simpleQuery('SELECT COALESCE(name, `Nama`, `nama`, nama_kota) AS nama
FROM `kota`
WHERE (code = :code: OR id = :code: OR kota_id = :code:) (17)')
 3 SYSTEMPATH\Database\BaseBuilder.php(1649): CodeIgniter\Database\BaseConnection->query('SELECT COALESCE(name, `Nama`, `nama`, nama_kota) AS nama
FROM `kota`
WHERE (code = :code: OR id = :code: OR kota_id = :code:) :(code = :code: OR id = :code: OR kota_id = :code:):', [...], false)
 4 APPPATH\Models\WilayahModel.php(16): CodeIgniter\Database\BaseBuilder->get()
 5 APPPATH\Controllers\AuthController.php(104): App\Models\WilayahModel->getNamaKotaByCode('17')
 6 SYSTEMPATH\CodeIgniter.php(933): App\Controllers\AuthController->registerAction()
 7 SYSTEMPATH\CodeIgniter.php(507): CodeIgniter\CodeIgniter->runController(Object(App\Controllers\AuthController))
 8 SYSTEMPATH\CodeIgniter.php(354): CodeIgniter\CodeIgniter->handleRequest(null, Object(Config\Cache), false)
 9 SYSTEMPATH\Boot.php(334): CodeIgniter\CodeIgniter->run()
10 SYSTEMPATH\Boot.php(67): CodeIgniter\Boot::runCodeIgniter(Object(CodeIgniter\CodeIgniter))
11 FCPATH\index.php(59): CodeIgniter\Boot::bootWeb(Object(Config\Paths))
12 SYSTEMPATH\rewrite.php(44): require_once('C:\\laragon\\www\\projek\\public\\index.php')
CRITICAL - 2025-08-31 18:10:36 --> [Caused by] mysqli_sql_exception: You have an error in your SQL syntax; check the manual that corresponds to your MySQL server version for the right syntax to use near ':code: OR id = :code: OR kota_id = :code:) (17)' at line 3
in SYSTEMPATH\Database\MySQLi\Connection.php on line 327.
 1 SYSTEMPATH\Database\MySQLi\Connection.php(327): mysqli->query('SELECT COALESCE(name, `Nama`, `nama`, nama_kota) AS nama
FROM `kota`
WHERE (code = :code: OR id = :code: OR kota_id = :code:) (17)', 0)
 2 SYSTEMPATH\Database\BaseConnection.php(738): CodeIgniter\Database\MySQLi\Connection->execute('SELECT COALESCE(name, `Nama`, `nama`, nama_kota) AS nama
FROM `kota`
WHERE (code = :code: OR id = :code: OR kota_id = :code:) (17)')
 3 SYSTEMPATH\Database\BaseConnection.php(652): CodeIgniter\Database\BaseConnection->simpleQuery('SELECT COALESCE(name, `Nama`, `nama`, nama_kota) AS nama
FROM `kota`
WHERE (code = :code: OR id = :code: OR kota_id = :code:) (17)')
 4 SYSTEMPATH\Database\BaseBuilder.php(1649): CodeIgniter\Database\BaseConnection->query('SELECT COALESCE(name, `Nama`, `nama`, nama_kota) AS nama
FROM `kota`
WHERE (code = :code: OR id = :code: OR kota_id = :code:) :(code = :code: OR id = :code: OR kota_id = :code:):', [...], false)
 5 APPPATH\Models\WilayahModel.php(16): CodeIgniter\Database\BaseBuilder->get()
 6 APPPATH\Controllers\AuthController.php(104): App\Models\WilayahModel->getNamaKotaByCode('17')
 7 SYSTEMPATH\CodeIgniter.php(933): App\Controllers\AuthController->registerAction()
 8 SYSTEMPATH\CodeIgniter.php(507): CodeIgniter\CodeIgniter->runController(Object(App\Controllers\AuthController))
 9 SYSTEMPATH\CodeIgniter.php(354): CodeIgniter\CodeIgniter->handleRequest(null, Object(Config\Cache), false)
10 SYSTEMPATH\Boot.php(334): CodeIgniter\CodeIgniter->run()
11 SYSTEMPATH\Boot.php(67): CodeIgniter\Boot::runCodeIgniter(Object(CodeIgniter\CodeIgniter))
12 FCPATH\index.php(59): CodeIgniter\Boot::bootWeb(Object(Config\Paths))
13 SYSTEMPATH\rewrite.php(44): require_once('C:\\laragon\\www\\projek\\public\\index.php')
WARNING - 2025-08-31 18:13:11 --> [DEPRECATED] Creation of dynamic property App\Controllers\AuthController::$wilayahModel is deprecated in APPPATH\Controllers\AuthController.php on line 18.
 1 SYSTEMPATH\CodeIgniter.php(903): App\Controllers\AuthController->__construct()
 2 SYSTEMPATH\CodeIgniter.php(498): CodeIgniter\CodeIgniter->createController()
 3 SYSTEMPATH\CodeIgniter.php(354): CodeIgniter\CodeIgniter->handleRequest(null, Object(Config\Cache), false)
 4 SYSTEMPATH\Boot.php(334): CodeIgniter\CodeIgniter->run()
 5 SYSTEMPATH\Boot.php(67): CodeIgniter\Boot::runCodeIgniter(Object(CodeIgniter\CodeIgniter))
 6 FCPATH\index.php(59): CodeIgniter\Boot::bootWeb(Object(Config\Paths))
 7 SYSTEMPATH\rewrite.php(44): require_once('C:\\laragon\\www\\projek\\public\\index.php')
DEBUG - 2025-08-31 18:13:11 --> Session: Class initialized using 'CodeIgniter\Session\Handlers\FileHandler' driver.
WARNING - 2025-08-31 18:13:22 --> [DEPRECATED] Creation of dynamic property App\Controllers\AuthController::$wilayahModel is deprecated in APPPATH\Controllers\AuthController.php on line 18.
 1 SYSTEMPATH\CodeIgniter.php(903): App\Controllers\AuthController->__construct()
 2 SYSTEMPATH\CodeIgniter.php(498): CodeIgniter\CodeIgniter->createController()
 3 SYSTEMPATH\CodeIgniter.php(354): CodeIgniter\CodeIgniter->handleRequest(null, Object(Config\Cache), false)
 4 SYSTEMPATH\Boot.php(334): CodeIgniter\CodeIgniter->run()
 5 SYSTEMPATH\Boot.php(67): CodeIgniter\Boot::runCodeIgniter(Object(CodeIgniter\CodeIgniter))
 6 FCPATH\index.php(59): CodeIgniter\Boot::bootWeb(Object(Config\Paths))
 7 SYSTEMPATH\rewrite.php(44): require_once('C:\\laragon\\www\\projek\\public\\index.php')
ERROR - 2025-08-31 18:13:22 --> mysqli_sql_exception: Unknown column 'name' in 'field list' in C:\laragon\www\projek\system\Database\MySQLi\Connection.php:327
Stack trace:
#0 C:\laragon\www\projek\system\Database\MySQLi\Connection.php(327): mysqli->query('SELECT COALESCE...', 0)
#1 C:\laragon\www\projek\system\Database\BaseConnection.php(738): CodeIgniter\Database\MySQLi\Connection->execute('SELECT COALESCE...')
#2 C:\laragon\www\projek\system\Database\BaseConnection.php(652): CodeIgniter\Database\BaseConnection->simpleQuery('SELECT COALESCE...')
#3 C:\laragon\www\projek\system\Database\BaseBuilder.php(1649): CodeIgniter\Database\BaseConnection->query('SELECT COALESCE...', Array, false)
#4 C:\laragon\www\projek\app\Models\WilayahModel.php(20): CodeIgniter\Database\BaseBuilder->get()
#5 C:\laragon\www\projek\app\Controllers\AuthController.php(104): App\Models\WilayahModel->getNamaKotaByCode('17')
#6 C:\laragon\www\projek\system\CodeIgniter.php(933): App\Controllers\AuthController->registerAction()
#7 C:\laragon\www\projek\system\CodeIgniter.php(507): CodeIgniter\CodeIgniter->runController(Object(App\Controllers\AuthController))
#8 C:\laragon\www\projek\system\CodeIgniter.php(354): CodeIgniter\CodeIgniter->handleRequest(NULL, Object(Config\Cache), false)
#9 C:\laragon\www\projek\system\Boot.php(334): CodeIgniter\CodeIgniter->run()
#10 C:\laragon\www\projek\system\Boot.php(67): CodeIgniter\Boot::runCodeIgniter(Object(CodeIgniter\CodeIgniter))
#11 C:\laragon\www\projek\public\index.php(59): CodeIgniter\Boot::bootWeb(Object(Config\Paths))
#12 C:\laragon\www\projek\system\rewrite.php(44): require_once('C:\\laragon\\www\\...')
#13 {main}
CRITICAL - 2025-08-31 18:13:22 --> CodeIgniter\Database\Exceptions\DatabaseException: Unknown column 'name' in 'field list'
[Method: POST, Route: registerAction]
in SYSTEMPATH\Database\BaseConnection.php on line 692.
 1 SYSTEMPATH\Database\BaseBuilder.php(1649): CodeIgniter\Database\BaseConnection->query('SELECT COALESCE(name, `Nama`, `nama`, nama_kota) AS nama
FROM `kota`
WHERE   (
`code` = :code:
OR `id` = :id:
OR `kota_id` = :kota_id:
 )
 LIMIT 1', [...], false)
 2 APPPATH\Models\WilayahModel.php(20): CodeIgniter\Database\BaseBuilder->get()
 3 APPPATH\Controllers\AuthController.php(104): App\Models\WilayahModel->getNamaKotaByCode('17')
 4 SYSTEMPATH\CodeIgniter.php(933): App\Controllers\AuthController->registerAction()
 5 SYSTEMPATH\CodeIgniter.php(507): CodeIgniter\CodeIgniter->runController(Object(App\Controllers\AuthController))
 6 SYSTEMPATH\CodeIgniter.php(354): CodeIgniter\CodeIgniter->handleRequest(null, Object(Config\Cache), false)
 7 SYSTEMPATH\Boot.php(334): CodeIgniter\CodeIgniter->run()
 8 SYSTEMPATH\Boot.php(67): CodeIgniter\Boot::runCodeIgniter(Object(CodeIgniter\CodeIgniter))
 9 FCPATH\index.php(59): CodeIgniter\Boot::bootWeb(Object(Config\Paths))
10 SYSTEMPATH\rewrite.php(44): require_once('C:\\laragon\\www\\projek\\public\\index.php')
CRITICAL - 2025-08-31 18:13:22 --> [Caused by] CodeIgniter\Database\Exceptions\DatabaseException: Unknown column 'name' in 'field list'
in SYSTEMPATH\Database\MySQLi\Connection.php on line 332.
 1 SYSTEMPATH\Database\BaseConnection.php(738): CodeIgniter\Database\MySQLi\Connection->execute('SELECT COALESCE(name, `Nama`, `nama`, nama_kota) AS nama
FROM `kota`
WHERE   (
`code` = \'17\'
OR `id` = \'17\'
OR `kota_id` = \'17\'
 )
 LIMIT 1')
 2 SYSTEMPATH\Database\BaseConnection.php(652): CodeIgniter\Database\BaseConnection->simpleQuery('SELECT COALESCE(name, `Nama`, `nama`, nama_kota) AS nama
FROM `kota`
WHERE   (
`code` = \'17\'
OR `id` = \'17\'
OR `kota_id` = \'17\'
 )
 LIMIT 1')
 3 SYSTEMPATH\Database\BaseBuilder.php(1649): CodeIgniter\Database\BaseConnection->query('SELECT COALESCE(name, `Nama`, `nama`, nama_kota) AS nama
FROM `kota`
WHERE   (
`code` = :code:
OR `id` = :id:
OR `kota_id` = :kota_id:
 )
 LIMIT 1', [...], false)
 4 APPPATH\Models\WilayahModel.php(20): CodeIgniter\Database\BaseBuilder->get()
 5 APPPATH\Controllers\AuthController.php(104): App\Models\WilayahModel->getNamaKotaByCode('17')
 6 SYSTEMPATH\CodeIgniter.php(933): App\Controllers\AuthController->registerAction()
 7 SYSTEMPATH\CodeIgniter.php(507): CodeIgniter\CodeIgniter->runController(Object(App\Controllers\AuthController))
 8 SYSTEMPATH\CodeIgniter.php(354): CodeIgniter\CodeIgniter->handleRequest(null, Object(Config\Cache), false)
 9 SYSTEMPATH\Boot.php(334): CodeIgniter\CodeIgniter->run()
10 SYSTEMPATH\Boot.php(67): CodeIgniter\Boot::runCodeIgniter(Object(CodeIgniter\CodeIgniter))
11 FCPATH\index.php(59): CodeIgniter\Boot::bootWeb(Object(Config\Paths))
12 SYSTEMPATH\rewrite.php(44): require_once('C:\\laragon\\www\\projek\\public\\index.php')
CRITICAL - 2025-08-31 18:13:22 --> [Caused by] mysqli_sql_exception: Unknown column 'name' in 'field list'
in SYSTEMPATH\Database\MySQLi\Connection.php on line 327.
 1 SYSTEMPATH\Database\MySQLi\Connection.php(327): mysqli->query('SELECT COALESCE(name, `Nama`, `nama`, nama_kota) AS nama
FROM `kota`
WHERE   (
`code` = \'17\'
OR `id` = \'17\'
OR `kota_id` = \'17\'
 )
 LIMIT 1', 0)
 2 SYSTEMPATH\Database\BaseConnection.php(738): CodeIgniter\Database\MySQLi\Connection->execute('SELECT COALESCE(name, `Nama`, `nama`, nama_kota) AS nama
FROM `kota`
WHERE   (
`code` = \'17\'
OR `id` = \'17\'
OR `kota_id` = \'17\'
 )
 LIMIT 1')
 3 SYSTEMPATH\Database\BaseConnection.php(652): CodeIgniter\Database\BaseConnection->simpleQuery('SELECT COALESCE(name, `Nama`, `nama`, nama_kota) AS nama
FROM `kota`
WHERE   (
`code` = \'17\'
OR `id` = \'17\'
OR `kota_id` = \'17\'
 )
 LIMIT 1')
 4 SYSTEMPATH\Database\BaseBuilder.php(1649): CodeIgniter\Database\BaseConnection->query('SELECT COALESCE(name, `Nama`, `nama`, nama_kota) AS nama
FROM `kota`
WHERE   (
`code` = :code:
OR `id` = :id:
OR `kota_id` = :kota_id:
 )
 LIMIT 1', [...], false)
 5 APPPATH\Models\WilayahModel.php(20): CodeIgniter\Database\BaseBuilder->get()
 6 APPPATH\Controllers\AuthController.php(104): App\Models\WilayahModel->getNamaKotaByCode('17')
 7 SYSTEMPATH\CodeIgniter.php(933): App\Controllers\AuthController->registerAction()
 8 SYSTEMPATH\CodeIgniter.php(507): CodeIgniter\CodeIgniter->runController(Object(App\Controllers\AuthController))
 9 SYSTEMPATH\CodeIgniter.php(354): CodeIgniter\CodeIgniter->handleRequest(null, Object(Config\Cache), false)
10 SYSTEMPATH\Boot.php(334): CodeIgniter\CodeIgniter->run()
11 SYSTEMPATH\Boot.php(67): CodeIgniter\Boot::runCodeIgniter(Object(CodeIgniter\CodeIgniter))
12 FCPATH\index.php(59): CodeIgniter\Boot::bootWeb(Object(Config\Paths))
13 SYSTEMPATH\rewrite.php(44): require_once('C:\\laragon\\www\\projek\\public\\index.php')
DEBUG - 2025-08-31 18:23:41 --> Session: Class initialized using 'CodeIgniter\Session\Handlers\FileHandler' driver.
DEBUG - 2025-08-31 18:23:41 --> Session: Class initialized using 'CodeIgniter\Session\Handlers\FileHandler' driver.
DEBUG - 2025-08-31 18:23:55 --> Session: Class initialized using 'CodeIgniter\Session\Handlers\FileHandler' driver.
DEBUG - 2025-08-31 18:23:59 --> Session: Class initialized using 'CodeIgniter\Session\Handlers\FileHandler' driver.
DEBUG - 2025-08-31 18:34:39 --> Session: Class initialized using 'CodeIgniter\Session\Handlers\FileHandler' driver.
DEBUG - 2025-08-31 18:35:16 --> Session: Class initialized using 'CodeIgniter\Session\Handlers\FileHandler' driver.
DEBUG - 2025-08-31 18:38:49 --> Session: Class initialized using 'CodeIgniter\Session\Handlers\FileHandler' driver.
DEBUG - 2025-08-31 18:39:55 --> Session: Class initialized using 'CodeIgniter\Session\Handlers\FileHandler' driver.
DEBUG - 2025-08-31 18:39:55 --> Session: Class initialized using 'CodeIgniter\Session\Handlers\FileHandler' driver.
DEBUG - 2025-08-31 18:48:32 --> Session: Class initialized using 'CodeIgniter\Session\Handlers\FileHandler' driver.
DEBUG - 2025-08-31 18:51:25 --> Session: Class initialized using 'CodeIgniter\Session\Handlers\FileHandler' driver.
DEBUG - 2025-08-31 18:51:31 --> Login attempt: Farly with password: 123456
DEBUG - 2025-08-31 18:51:31 --> Search by email result: 
DEBUG - 2025-08-31 18:51:31 --> Search by username result: Array
(
    [id] => 2
    [user_id] => 2
    [Email] => farlyhaydy123@gmail.com
    [Password] => $2y$10$GaTSfL1XFzOsd7oagSooBezBcOkBZSb7siCcIogDPX6TfuDK9u61m
    [Role] => user
    [Username] => Farly
    [Nama_Asli] => Haydy
)

DEBUG - 2025-08-31 18:51:32 --> Password verify result: TRUE
DEBUG - 2025-08-31 18:51:32 --> Input password: 123456
DEBUG - 2025-08-31 18:51:32 --> Hash from DB: $2y$10$GaTSfL1XFzOsd7oagSooBezBcOkBZSb7siCcIogDPX6TfuDK9u61m
DEBUG - 2025-08-31 18:51:32 --> Session: Class initialized using 'CodeIgniter\Session\Handlers\FileHandler' driver.
DEBUG - 2025-08-31 18:51:32 --> Login success, role: user
DEBUG - 2025-08-31 18:51:32 --> Session data: Array
(
    [__ci_last_regenerate] => 1756666112
    [_ci_previous_url] => http://localhost:8080/index.php/login
    [isLoggedIn] => 1
    [user_id] => 2
    [userEmail] => farlyhaydy123@gmail.com
    [username] => Farly
    [Nama_Asli] => Haydy
    [role] => user
)

DEBUG - 2025-08-31 18:51:32 --> Redirecting to user dashboard
DEBUG - 2025-08-31 18:51:32 --> Session: Class initialized using 'CodeIgniter\Session\Handlers\FileHandler' driver.
DEBUG - 2025-08-31 18:51:35 --> Session: Class initialized using 'CodeIgniter\Session\Handlers\FileHandler' driver.
CRITICAL - 2025-08-31 18:51:35 --> ErrorException: Undefined array key "Kota"
[Method: GET, Route: profil]
in APPPATH\Views\user\profil.php on line 394.
 1 APPPATH\Views\user\profil.php(394): CodeIgniter\Debug\Exceptions->errorHandler(2, 'Undefined array key "Kota"', 'C:\\laragon\\www\\projek\\app\\Views\\user\\profil.php', 394)
 2 SYSTEMPATH\View\View.php(224): include('C:\\laragon\\www\\projek\\app\\Views\\user\\profil.php')
 3 SYSTEMPATH\View\View.php(227): CodeIgniter\View\View->CodeIgniter\View\{closure}()
 4 SYSTEMPATH\Common.php(1173): CodeIgniter\View\View->render('user/profil', [], true)
 5 APPPATH\Controllers\AuthController.php(194): view('user/profil', [...])
 6 SYSTEMPATH\CodeIgniter.php(933): App\Controllers\AuthController->profil()
 7 SYSTEMPATH\CodeIgniter.php(507): CodeIgniter\CodeIgniter->runController(Object(App\Controllers\AuthController))
 8 SYSTEMPATH\CodeIgniter.php(354): CodeIgniter\CodeIgniter->handleRequest(null, Object(Config\Cache), false)
 9 SYSTEMPATH\Boot.php(334): CodeIgniter\CodeIgniter->run()
10 SYSTEMPATH\Boot.php(67): CodeIgniter\Boot::runCodeIgniter(Object(CodeIgniter\CodeIgniter))
11 FCPATH\index.php(59): CodeIgniter\Boot::bootWeb(Object(Config\Paths))
12 SYSTEMPATH\rewrite.php(44): require_once('C:\\laragon\\www\\projek\\public\\index.php')
DEBUG - 2025-08-31 18:53:26 --> Session: Class initialized using 'CodeIgniter\Session\Handlers\FileHandler' driver.
DEBUG - 2025-08-31 18:53:27 --> Session: Class initialized using 'CodeIgniter\Session\Handlers\FileHandler' driver.
DEBUG - 2025-08-31 18:58:00 --> Session: Class initialized using 'CodeIgniter\Session\Handlers\FileHandler' driver.
DEBUG - 2025-08-31 18:58:02 --> Session: Class initialized using 'CodeIgniter\Session\Handlers\FileHandler' driver.
DEBUG - 2025-08-31 18:58:08 --> Session: Class initialized using 'CodeIgniter\Session\Handlers\FileHandler' driver.
DEBUG - 2025-08-31 18:58:09 --> Session: Class initialized using 'CodeIgniter\Session\Handlers\FileHandler' driver.
DEBUG - 2025-08-31 19:01:47 --> Session: Class initialized using 'CodeIgniter\Session\Handlers\FileHandler' driver.
CRITICAL - 2025-08-31 19:01:47 --> CodeIgniter\HTTP\Exceptions\BadRequestException: The URI you submitted has disallowed characters: "${imageUrl}"
[Method: GET, Route: $%7BimageUrl%7D]
in SYSTEMPATH\Router\Router.php on line 741.
 1 SYSTEMPATH\Router\Router.php(207): CodeIgniter\Router\Router->checkDisallowedChars('${imageUrl}')
 2 SYSTEMPATH\CodeIgniter.php(832): CodeIgniter\Router\Router->handle('${imageUrl}')
 3 SYSTEMPATH\CodeIgniter.php(455): CodeIgniter\CodeIgniter->tryToRouteIt(Object(CodeIgniter\Router\RouteCollection))
 4 SYSTEMPATH\CodeIgniter.php(354): CodeIgniter\CodeIgniter->handleRequest(null, Object(Config\Cache), false)
 5 SYSTEMPATH\Boot.php(334): CodeIgniter\CodeIgniter->run()
 6 SYSTEMPATH\Boot.php(67): CodeIgniter\Boot::runCodeIgniter(Object(CodeIgniter\CodeIgniter))
 7 FCPATH\index.php(59): CodeIgniter\Boot::bootWeb(Object(Config\Paths))
 8 SYSTEMPATH\rewrite.php(44): require_once('C:\\laragon\\www\\projek\\public\\index.php')
DEBUG - 2025-08-31 19:02:30 --> Session: Class initialized using 'CodeIgniter\Session\Handlers\FileHandler' driver.
DEBUG - 2025-08-31 19:02:30 --> Session: Class initialized using 'CodeIgniter\Session\Handlers\FileHandler' driver.
DEBUG - 2025-08-31 19:03:04 --> Session: Class initialized using 'CodeIgniter\Session\Handlers\FileHandler' driver.
DEBUG - 2025-08-31 19:03:04 --> Session: Class initialized using 'CodeIgniter\Session\Handlers\FileHandler' driver.
DEBUG - 2025-08-31 19:04:52 --> Session: Class initialized using 'CodeIgniter\Session\Handlers\FileHandler' driver.
DEBUG - 2025-08-31 19:04:53 --> Session: Class initialized using 'CodeIgniter\Session\Handlers\FileHandler' driver.
DEBUG - 2025-08-31 19:05:03 --> Session: Class initialized using 'CodeIgniter\Session\Handlers\FileHandler' driver.
DEBUG - 2025-08-31 19:05:04 --> Session: Class initialized using 'CodeIgniter\Session\Handlers\FileHandler' driver.
DEBUG - 2025-08-31 19:05:05 --> Session: Class initialized using 'CodeIgniter\Session\Handlers\FileHandler' driver.
