ERROR - 2025-08-07 10:17:21 --> Error connecting to the database: mysqli_sql_exception: Access denied for user ''@'localhost' (using password: NO) in C:\laragon\www\JelajahBanjarmasin-PKL\system\Database\MySQLi\Connection.php:201
Stack trace:
#0 C:\laragon\www\JelajahBanjarmasin-PKL\system\Database\MySQLi\Connection.php(201): mysqli->real_connect('localhost', '', Object(SensitiveParameterValue), '', 3306, '', 0)
#1 C:\laragon\www\JelajahBanjarmasin-PKL\system\Database\BaseConnection.php(421): CodeIgniter\Database\MySQLi\Connection->connect(false)
#2 C:\laragon\www\JelajahBanjarmasin-PKL\system\Database\Database.php(72): CodeIgniter\Database\BaseConnection->initialize()
#3 C:\laragon\www\JelajahBanjarmasin-PKL\system\Database\Config.php(109): CodeIgniter\Database\Database->loadForge(Object(CodeIgniter\Database\MySQLi\Connection))
#4 C:\laragon\www\JelajahBanjarmasin-PKL\system\Commands\Database\CreateDatabase.php(136): CodeIgniter\Database\Config::forge()
#5 C:\laragon\www\JelajahBanjarmasin-PKL\system\CLI\Commands.php(74): CodeIgniter\Commands\Database\CreateDatabase->run(Array)
#6 C:\laragon\www\JelajahBanjarmasin-PKL\system\CLI\Console.php(47): CodeIgniter\CLI\Commands->run('db:create', Array)
#7 C:\laragon\www\JelajahBanjarmasin-PKL\system\Boot.php(360): CodeIgniter\CLI\Console->run()
#8 C:\laragon\www\JelajahBanjarmasin-PKL\system\Boot.php(104): CodeIgniter\Boot::runCommand(Object(CodeIgniter\CLI\Console))
#9 C:\laragon\www\JelajahBanjarmasin-PKL\spark(87): CodeIgniter\Boot::bootSpark(Object(Config\Paths))
#10 {main}

Next CodeIgniter\Database\Exceptions\DatabaseException: Access denied for user ''@'localhost' (using password: NO) in C:\laragon\www\JelajahBanjarmasin-PKL\system\Database\MySQLi\Connection.php:246
Stack trace:
#0 C:\laragon\www\JelajahBanjarmasin-PKL\system\Database\BaseConnection.php(421): CodeIgniter\Database\MySQLi\Connection->connect(false)
#1 C:\laragon\www\JelajahBanjarmasin-PKL\system\Database\Database.php(72): CodeIgniter\Database\BaseConnection->initialize()
#2 C:\laragon\www\JelajahBanjarmasin-PKL\system\Database\Config.php(109): CodeIgniter\Database\Database->loadForge(Object(CodeIgniter\Database\MySQLi\Connection))
#3 C:\laragon\www\JelajahBanjarmasin-PKL\system\Commands\Database\CreateDatabase.php(136): CodeIgniter\Database\Config::forge()
#4 C:\laragon\www\JelajahBanjarmasin-PKL\system\CLI\Commands.php(74): CodeIgniter\Commands\Database\CreateDatabase->run(Array)
#5 C:\laragon\www\JelajahBanjarmasin-PKL\system\CLI\Console.php(47): CodeIgniter\CLI\Commands->run('db:create', Array)
#6 C:\laragon\www\JelajahBanjarmasin-PKL\system\Boot.php(360): CodeIgniter\CLI\Console->run()
#7 C:\laragon\www\JelajahBanjarmasin-PKL\system\Boot.php(104): CodeIgniter\Boot::runCommand(Object(CodeIgniter\CLI\Console))
#8 C:\laragon\www\JelajahBanjarmasin-PKL\spark(87): CodeIgniter\Boot::bootSpark(Object(Config\Paths))
#9 {main}
ERROR - 2025-08-07 10:48:44 --> Error connecting to the database: mysqli_sql_exception: Access denied for user ''@'localhost' (using password: NO) in C:\laragon\www\JelajahBanjarmasin-PKL\system\Database\MySQLi\Connection.php:201
Stack trace:
#0 C:\laragon\www\JelajahBanjarmasin-PKL\system\Database\MySQLi\Connection.php(201): mysqli->real_connect('localhost', '', Object(SensitiveParameterValue), '', 3306, '', 0)
#1 C:\laragon\www\JelajahBanjarmasin-PKL\system\Database\BaseConnection.php(421): CodeIgniter\Database\MySQLi\Connection->connect(false)
#2 C:\laragon\www\JelajahBanjarmasin-PKL\system\Database\BaseConnection.php(620): CodeIgniter\Database\BaseConnection->initialize()
#3 C:\laragon\www\JelajahBanjarmasin-PKL\system\Database\BaseConnection.php(1525): CodeIgniter\Database\BaseConnection->query('SHOW TABLES FRO...')
#4 C:\laragon\www\JelajahBanjarmasin-PKL\system\Database\BaseConnection.php(1545): CodeIgniter\Database\BaseConnection->listTables()
#5 C:\laragon\www\JelajahBanjarmasin-PKL\system\Database\MigrationRunner.php(768): CodeIgniter\Database\BaseConnection->tableExists('migrations')
#6 C:\laragon\www\JelajahBanjarmasin-PKL\system\Database\MigrationRunner.php(162): CodeIgniter\Database\MigrationRunner->ensureTable()
#7 C:\laragon\www\JelajahBanjarmasin-PKL\system\Commands\Database\Migrate.php(85): CodeIgniter\Database\MigrationRunner->latest(NULL)
#8 C:\laragon\www\JelajahBanjarmasin-PKL\system\CLI\Commands.php(74): CodeIgniter\Commands\Database\Migrate->run(Array)
#9 C:\laragon\www\JelajahBanjarmasin-PKL\system\CLI\Console.php(47): CodeIgniter\CLI\Commands->run('migrate', Array)
#10 C:\laragon\www\JelajahBanjarmasin-PKL\system\Boot.php(360): CodeIgniter\CLI\Console->run()
#11 C:\laragon\www\JelajahBanjarmasin-PKL\system\Boot.php(104): CodeIgniter\Boot::runCommand(Object(CodeIgniter\CLI\Console))
#12 C:\laragon\www\JelajahBanjarmasin-PKL\spark(87): CodeIgniter\Boot::bootSpark(Object(Config\Paths))
#13 {main}

Next CodeIgniter\Database\Exceptions\DatabaseException: Access denied for user ''@'localhost' (using password: NO) in C:\laragon\www\JelajahBanjarmasin-PKL\system\Database\MySQLi\Connection.php:246
Stack trace:
#0 C:\laragon\www\JelajahBanjarmasin-PKL\system\Database\BaseConnection.php(421): CodeIgniter\Database\MySQLi\Connection->connect(false)
#1 C:\laragon\www\JelajahBanjarmasin-PKL\system\Database\BaseConnection.php(620): CodeIgniter\Database\BaseConnection->initialize()
#2 C:\laragon\www\JelajahBanjarmasin-PKL\system\Database\BaseConnection.php(1525): CodeIgniter\Database\BaseConnection->query('SHOW TABLES FRO...')
#3 C:\laragon\www\JelajahBanjarmasin-PKL\system\Database\BaseConnection.php(1545): CodeIgniter\Database\BaseConnection->listTables()
#4 C:\laragon\www\JelajahBanjarmasin-PKL\system\Database\MigrationRunner.php(768): CodeIgniter\Database\BaseConnection->tableExists('migrations')
#5 C:\laragon\www\JelajahBanjarmasin-PKL\system\Database\MigrationRunner.php(162): CodeIgniter\Database\MigrationRunner->ensureTable()
#6 C:\laragon\www\JelajahBanjarmasin-PKL\system\Commands\Database\Migrate.php(85): CodeIgniter\Database\MigrationRunner->latest(NULL)
#7 C:\laragon\www\JelajahBanjarmasin-PKL\system\CLI\Commands.php(74): CodeIgniter\Commands\Database\Migrate->run(Array)
#8 C:\laragon\www\JelajahBanjarmasin-PKL\system\CLI\Console.php(47): CodeIgniter\CLI\Commands->run('migrate', Array)
#9 C:\laragon\www\JelajahBanjarmasin-PKL\system\Boot.php(360): CodeIgniter\CLI\Console->run()
#10 C:\laragon\www\JelajahBanjarmasin-PKL\system\Boot.php(104): CodeIgniter\Boot::runCommand(Object(CodeIgniter\CLI\Console))
#11 C:\laragon\www\JelajahBanjarmasin-PKL\spark(87): CodeIgniter\Boot::bootSpark(Object(Config\Paths))
#12 {main}
