DEBUG - 2025-09-03 05:05:39 --> Session: Class initialized using 'CodeIgniter\Session\Handlers\FileHandler' driver.
DEBUG - 2025-09-03 05:47:47 --> Session: Class initialized using 'CodeIgniter\Session\Handlers\FileHandler' driver.
DEBUG - 2025-09-03 05:49:00 --> Session: Class initialized using 'CodeIgniter\Session\Handlers\FileHandler' driver.
DEBUG - 2025-09-03 05:49:11 --> Login attempt: admin with password: admin123
DEBUG - 2025-09-03 05:49:11 --> Search by email result: 
DEBUG - 2025-09-03 05:49:11 --> Search by username result: Array
(
    [id] => 1
    [user_id] => 1
    [Email] => admin@banjarmasin.com
    [Password] => $2y$10$5iW2j4qMqg0s.yiOVhvQC.UgHJEWHGM0YZE2cc.q8Qbv43lM75XSm
    [Role] => admin
    [Username] => admin
    [Nama_Asli] => Administrator
)

DEBUG - 2025-09-03 05:49:11 --> Password verify result: TRUE
DEBUG - 2025-09-03 05:49:11 --> Input password: admin123
DEBUG - 2025-09-03 05:49:11 --> Hash from DB: $2y$10$5iW2j4qMqg0s.yiOVhvQC.UgHJEWHGM0YZE2cc.q8Qbv43lM75XSm
DEBUG - 2025-09-03 05:49:11 --> Session: Class initialized using 'CodeIgniter\Session\Handlers\FileHandler' driver.
DEBUG - 2025-09-03 05:49:11 --> Login success, role: admin
DEBUG - 2025-09-03 05:49:11 --> Session data: Array
(
    [__ci_last_regenerate] => 1756878467
    [_ci_previous_url] => http://localhost:8080/index.php/login
    [isLoggedIn] => 1
    [user_id] => 1
    [userEmail] => admin@banjarmasin.com
    [username] => admin
    [Nama_Asli] => Administrator
    [role] => admin
)

DEBUG - 2025-09-03 05:49:11 --> Redirecting to admin dashboard
DEBUG - 2025-09-03 05:49:12 --> Session: Class initialized using 'CodeIgniter\Session\Handlers\FileHandler' driver.
WARNING - 2025-09-03 05:49:12 --> [DEPRECATED] Creation of dynamic property App\Controllers\AdminController::$wishlistModel is deprecated in APPPATH\Controllers\AdminController.php on line 29.
 1 SYSTEMPATH\CodeIgniter.php(903): App\Controllers\AdminController->__construct()
 2 SYSTEMPATH\CodeIgniter.php(498): CodeIgniter\CodeIgniter->createController()
 3 SYSTEMPATH\CodeIgniter.php(354): CodeIgniter\CodeIgniter->handleRequest(null, Object(Config\Cache), false)
 4 SYSTEMPATH\Boot.php(334): CodeIgniter\CodeIgniter->run()
 5 SYSTEMPATH\Boot.php(67): CodeIgniter\Boot::runCodeIgniter(Object(CodeIgniter\CodeIgniter))
 6 FCPATH\index.php(59): CodeIgniter\Boot::bootWeb(Object(Config\Paths))
 7 SYSTEMPATH\rewrite.php(44): require_once('C:\\laragon\\www\\projek\\public\\index.php')
DEBUG - 2025-09-03 05:49:59 --> Session: Class initialized using 'CodeIgniter\Session\Handlers\FileHandler' driver.
WARNING - 2025-09-03 05:50:00 --> [DEPRECATED] Creation of dynamic property App\Controllers\AdminController::$wishlistModel is deprecated in APPPATH\Controllers\AdminController.php on line 29.
 1 SYSTEMPATH\CodeIgniter.php(903): App\Controllers\AdminController->__construct()
 2 SYSTEMPATH\CodeIgniter.php(498): CodeIgniter\CodeIgniter->createController()
 3 SYSTEMPATH\CodeIgniter.php(354): CodeIgniter\CodeIgniter->handleRequest(null, Object(Config\Cache), false)
 4 SYSTEMPATH\Boot.php(334): CodeIgniter\CodeIgniter->run()
 5 SYSTEMPATH\Boot.php(67): CodeIgniter\Boot::runCodeIgniter(Object(CodeIgniter\CodeIgniter))
 6 FCPATH\index.php(59): CodeIgniter\Boot::bootWeb(Object(Config\Paths))
 7 SYSTEMPATH\rewrite.php(44): require_once('C:\\laragon\\www\\projek\\public\\index.php')
DEBUG - 2025-09-03 07:13:06 --> Session: Class initialized using 'CodeIgniter\Session\Handlers\FileHandler' driver.
DEBUG - 2025-09-03 07:13:13 --> Session: Class initialized using 'CodeIgniter\Session\Handlers\FileHandler' driver.
DEBUG - 2025-09-03 07:13:15 --> Session: Class initialized using 'CodeIgniter\Session\Handlers\FileHandler' driver.
ERROR - 2025-09-03 14:43:17 --> Error connecting to the database: mysqli_sql_exception: No connection could be made because the target machine actively refused it in C:\laragon\www\projek\system\Database\MySQLi\Connection.php:201
Stack trace:
#0 C:\laragon\www\projek\system\Database\MySQLi\Connection.php(201): mysqli->real_connect('localhost', 'root', Object(SensitiveParameterValue), 'JelajahBanjarma...', 3306, '', 0)
#1 C:\laragon\www\projek\system\Database\BaseConnection.php(421): CodeIgniter\Database\MySQLi\Connection->connect(false)
#2 C:\laragon\www\projek\system\Database\BaseConnection.php(620): CodeIgniter\Database\BaseConnection->initialize()
#3 C:\laragon\www\projek\system\Database\BaseBuilder.php(1649): CodeIgniter\Database\BaseConnection->query('SELECT `wisata`...', Array, false)
#4 C:\laragon\www\projek\system\Model.php(286): CodeIgniter\Database\BaseBuilder->get()
#5 C:\laragon\www\projek\system\BaseModel.php(679): CodeIgniter\Model->doFindAll(0, 0)
#6 C:\laragon\www\projek\app\Controllers\DashboardController.php(33): CodeIgniter\BaseModel->findAll()
#7 C:\laragon\www\projek\system\CodeIgniter.php(933): App\Controllers\DashboardController->index()
#8 C:\laragon\www\projek\system\CodeIgniter.php(507): CodeIgniter\CodeIgniter->runController(Object(App\Controllers\DashboardController))
#9 C:\laragon\www\projek\system\CodeIgniter.php(354): CodeIgniter\CodeIgniter->handleRequest(NULL, Object(Config\Cache), false)
#10 C:\laragon\www\projek\system\Boot.php(334): CodeIgniter\CodeIgniter->run()
#11 C:\laragon\www\projek\system\Boot.php(67): CodeIgniter\Boot::runCodeIgniter(Object(CodeIgniter\CodeIgniter))
#12 C:\laragon\www\projek\public\index.php(59): CodeIgniter\Boot::bootWeb(Object(Config\Paths))
#13 C:\laragon\www\projek\system\rewrite.php(44): require_once('C:\\laragon\\www\\...')
#14 {main}

Next CodeIgniter\Database\Exceptions\DatabaseException: No connection could be made because the target machine actively refused it in C:\laragon\www\projek\system\Database\MySQLi\Connection.php:246
Stack trace:
#0 C:\laragon\www\projek\system\Database\BaseConnection.php(421): CodeIgniter\Database\MySQLi\Connection->connect(false)
#1 C:\laragon\www\projek\system\Database\BaseConnection.php(620): CodeIgniter\Database\BaseConnection->initialize()
#2 C:\laragon\www\projek\system\Database\BaseBuilder.php(1649): CodeIgniter\Database\BaseConnection->query('SELECT `wisata`...', Array, false)
#3 C:\laragon\www\projek\system\Model.php(286): CodeIgniter\Database\BaseBuilder->get()
#4 C:\laragon\www\projek\system\BaseModel.php(679): CodeIgniter\Model->doFindAll(0, 0)
#5 C:\laragon\www\projek\app\Controllers\DashboardController.php(33): CodeIgniter\BaseModel->findAll()
#6 C:\laragon\www\projek\system\CodeIgniter.php(933): App\Controllers\DashboardController->index()
#7 C:\laragon\www\projek\system\CodeIgniter.php(507): CodeIgniter\CodeIgniter->runController(Object(App\Controllers\DashboardController))
#8 C:\laragon\www\projek\system\CodeIgniter.php(354): CodeIgniter\CodeIgniter->handleRequest(NULL, Object(Config\Cache), false)
#9 C:\laragon\www\projek\system\Boot.php(334): CodeIgniter\CodeIgniter->run()
#10 C:\laragon\www\projek\system\Boot.php(67): CodeIgniter\Boot::runCodeIgniter(Object(CodeIgniter\CodeIgniter))
#11 C:\laragon\www\projek\public\index.php(59): CodeIgniter\Boot::bootWeb(Object(Config\Paths))
#12 C:\laragon\www\projek\system\rewrite.php(44): require_once('C:\\laragon\\www\\...')
#13 {main}
CRITICAL - 2025-09-03 14:43:17 --> CodeIgniter\Database\Exceptions\DatabaseException: Unable to connect to the database.
Main connection [MySQLi]: No connection could be made because the target machine actively refused it
[Method: GET, Route: /]
in SYSTEMPATH\Database\BaseConnection.php on line 467.
 1 SYSTEMPATH\Database\BaseConnection.php(620): CodeIgniter\Database\BaseConnection->initialize()
 2 SYSTEMPATH\Database\BaseBuilder.php(1649): CodeIgniter\Database\BaseConnection->query('SELECT `wisata`.*, `kategori`.`nama_kategori`, `kota`.`nama_kota`, `kecamatan`.`nama_kecamatan`, `galeri`.`nama_file` as `primary_image`
FROM `wisata`
JOIN `kategori` ON `kategori`.`kategori_id` = `wisata`.`kategori_id`
JOIN `kota` ON `kota`.`kota_id` = `wisata`.`kota_id`
JOIN `kecamatan` ON `kecamatan`.`kecamatan_id` = `wisata`.`kecamatan_id`
LEFT JOIN `galeri` ON `galeri`.`wisata_id` = `wisata`.`wisata_id` AND `galeri`.`is_primary` = 1
ORDER BY `wisata`.`wisata_id` DESC
 LIMIT 6', [], false)
 3 SYSTEMPATH\Model.php(286): CodeIgniter\Database\BaseBuilder->get()
 4 SYSTEMPATH\BaseModel.php(679): CodeIgniter\Model->doFindAll(0, 0)
 5 APPPATH\Controllers\DashboardController.php(33): CodeIgniter\BaseModel->findAll()
 6 SYSTEMPATH\CodeIgniter.php(933): App\Controllers\DashboardController->index()
 7 SYSTEMPATH\CodeIgniter.php(507): CodeIgniter\CodeIgniter->runController(Object(App\Controllers\DashboardController))
 8 SYSTEMPATH\CodeIgniter.php(354): CodeIgniter\CodeIgniter->handleRequest(null, Object(Config\Cache), false)
 9 SYSTEMPATH\Boot.php(334): CodeIgniter\CodeIgniter->run()
10 SYSTEMPATH\Boot.php(67): CodeIgniter\Boot::runCodeIgniter(Object(CodeIgniter\CodeIgniter))
11 FCPATH\index.php(59): CodeIgniter\Boot::bootWeb(Object(Config\Paths))
12 SYSTEMPATH\rewrite.php(44): require_once('C:\\laragon\\www\\projek\\public\\index.php')
DEBUG - 2025-09-03 14:43:39 --> Session: Class initialized using 'CodeIgniter\Session\Handlers\FileHandler' driver.
DEBUG - 2025-09-03 14:43:57 --> Session: Class initialized using 'CodeIgniter\Session\Handlers\FileHandler' driver.
DEBUG - 2025-09-03 14:44:04 --> Login attempt: admin with password: admin123
DEBUG - 2025-09-03 14:44:04 --> Search by email result: 
DEBUG - 2025-09-03 14:44:04 --> Search by username result: Array
(
    [id] => 1
    [user_id] => 1
    [Email] => admin@banjarmasin.com
    [Password] => $2y$10$5iW2j4qMqg0s.yiOVhvQC.UgHJEWHGM0YZE2cc.q8Qbv43lM75XSm
    [Role] => admin
    [Username] => admin
    [Nama_Asli] => Administrator
)

DEBUG - 2025-09-03 14:44:05 --> Password verify result: TRUE
DEBUG - 2025-09-03 14:44:05 --> Input password: admin123
DEBUG - 2025-09-03 14:44:05 --> Hash from DB: $2y$10$5iW2j4qMqg0s.yiOVhvQC.UgHJEWHGM0YZE2cc.q8Qbv43lM75XSm
DEBUG - 2025-09-03 14:44:05 --> Session: Class initialized using 'CodeIgniter\Session\Handlers\FileHandler' driver.
DEBUG - 2025-09-03 14:44:05 --> Login success, role: admin
DEBUG - 2025-09-03 14:44:05 --> Session data: Array
(
    [__ci_last_regenerate] => 1756910619
    [_ci_previous_url] => http://localhost:8080/index.php/login
    [isLoggedIn] => 1
    [user_id] => 1
    [userEmail] => admin@banjarmasin.com
    [username] => admin
    [Nama_Asli] => Administrator
    [role] => admin
)

DEBUG - 2025-09-03 14:44:05 --> Redirecting to admin dashboard
DEBUG - 2025-09-03 14:44:05 --> Session: Class initialized using 'CodeIgniter\Session\Handlers\FileHandler' driver.
WARNING - 2025-09-03 14:44:05 --> [DEPRECATED] Creation of dynamic property App\Controllers\AdminController::$wishlistModel is deprecated in APPPATH\Controllers\AdminController.php on line 29.
 1 SYSTEMPATH\CodeIgniter.php(903): App\Controllers\AdminController->__construct()
 2 SYSTEMPATH\CodeIgniter.php(498): CodeIgniter\CodeIgniter->createController()
 3 SYSTEMPATH\CodeIgniter.php(354): CodeIgniter\CodeIgniter->handleRequest(null, Object(Config\Cache), false)
 4 SYSTEMPATH\Boot.php(334): CodeIgniter\CodeIgniter->run()
 5 SYSTEMPATH\Boot.php(67): CodeIgniter\Boot::runCodeIgniter(Object(CodeIgniter\CodeIgniter))
 6 FCPATH\index.php(59): CodeIgniter\Boot::bootWeb(Object(Config\Paths))
 7 SYSTEMPATH\rewrite.php(44): require_once('C:\\laragon\\www\\projek\\public\\index.php')
DEBUG - 2025-09-03 14:44:47 --> Session: Class initialized using 'CodeIgniter\Session\Handlers\FileHandler' driver.
DEBUG - 2025-09-03 14:45:13 --> Session: Class initialized using 'CodeIgniter\Session\Handlers\FileHandler' driver.
DEBUG - 2025-09-03 14:46:30 --> Session: Class initialized using 'CodeIgniter\Session\Handlers\FileHandler' driver.
WARNING - 2025-09-03 14:46:30 --> [DEPRECATED] Creation of dynamic property App\Controllers\AdminController::$wishlistModel is deprecated in APPPATH\Controllers\AdminController.php on line 29.
 1 SYSTEMPATH\CodeIgniter.php(903): App\Controllers\AdminController->__construct()
 2 SYSTEMPATH\CodeIgniter.php(498): CodeIgniter\CodeIgniter->createController()
 3 SYSTEMPATH\CodeIgniter.php(354): CodeIgniter\CodeIgniter->handleRequest(null, Object(Config\Cache), false)
 4 SYSTEMPATH\Boot.php(334): CodeIgniter\CodeIgniter->run()
 5 SYSTEMPATH\Boot.php(67): CodeIgniter\Boot::runCodeIgniter(Object(CodeIgniter\CodeIgniter))
 6 FCPATH\index.php(59): CodeIgniter\Boot::bootWeb(Object(Config\Paths))
 7 SYSTEMPATH\rewrite.php(44): require_once('C:\\laragon\\www\\projek\\public\\index.php')
DEBUG - 2025-09-03 14:47:03 --> Session: Class initialized using 'CodeIgniter\Session\Handlers\FileHandler' driver.
WARNING - 2025-09-03 14:47:03 --> [DEPRECATED] Creation of dynamic property App\Controllers\AdminController::$wishlistModel is deprecated in APPPATH\Controllers\AdminController.php on line 29.
 1 SYSTEMPATH\CodeIgniter.php(903): App\Controllers\AdminController->__construct()
 2 SYSTEMPATH\CodeIgniter.php(498): CodeIgniter\CodeIgniter->createController()
 3 SYSTEMPATH\CodeIgniter.php(354): CodeIgniter\CodeIgniter->handleRequest(null, Object(Config\Cache), false)
 4 SYSTEMPATH\Boot.php(334): CodeIgniter\CodeIgniter->run()
 5 SYSTEMPATH\Boot.php(67): CodeIgniter\Boot::runCodeIgniter(Object(CodeIgniter\CodeIgniter))
 6 FCPATH\index.php(59): CodeIgniter\Boot::bootWeb(Object(Config\Paths))
 7 SYSTEMPATH\rewrite.php(44): require_once('C:\\laragon\\www\\projek\\public\\index.php')
DEBUG - 2025-09-03 14:47:28 --> Session: Class initialized using 'CodeIgniter\Session\Handlers\FileHandler' driver.
WARNING - 2025-09-03 14:47:28 --> [DEPRECATED] Creation of dynamic property App\Controllers\AdminController::$wishlistModel is deprecated in APPPATH\Controllers\AdminController.php on line 29.
 1 SYSTEMPATH\CodeIgniter.php(903): App\Controllers\AdminController->__construct()
 2 SYSTEMPATH\CodeIgniter.php(498): CodeIgniter\CodeIgniter->createController()
 3 SYSTEMPATH\CodeIgniter.php(354): CodeIgniter\CodeIgniter->handleRequest(null, Object(Config\Cache), false)
 4 SYSTEMPATH\Boot.php(334): CodeIgniter\CodeIgniter->run()
 5 SYSTEMPATH\Boot.php(67): CodeIgniter\Boot::runCodeIgniter(Object(CodeIgniter\CodeIgniter))
 6 FCPATH\index.php(59): CodeIgniter\Boot::bootWeb(Object(Config\Paths))
 7 SYSTEMPATH\rewrite.php(44): require_once('C:\\laragon\\www\\projek\\public\\index.php')
DEBUG - 2025-09-03 14:51:05 --> Session: Class initialized using 'CodeIgniter\Session\Handlers\FileHandler' driver.
DEBUG - 2025-09-03 15:03:57 --> Session: Class initialized using 'CodeIgniter\Session\Handlers\FileHandler' driver.
WARNING - 2025-09-03 15:03:57 --> [DEPRECATED] Creation of dynamic property App\Controllers\AdminController::$wishlistModel is deprecated in APPPATH\Controllers\AdminController.php on line 29.
 1 SYSTEMPATH\CodeIgniter.php(903): App\Controllers\AdminController->__construct()
 2 SYSTEMPATH\CodeIgniter.php(498): CodeIgniter\CodeIgniter->createController()
 3 SYSTEMPATH\CodeIgniter.php(354): CodeIgniter\CodeIgniter->handleRequest(null, Object(Config\Cache), false)
 4 SYSTEMPATH\Boot.php(334): CodeIgniter\CodeIgniter->run()
 5 SYSTEMPATH\Boot.php(67): CodeIgniter\Boot::runCodeIgniter(Object(CodeIgniter\CodeIgniter))
 6 FCPATH\index.php(59): CodeIgniter\Boot::bootWeb(Object(Config\Paths))
 7 SYSTEMPATH\rewrite.php(44): require_once('C:\\laragon\\www\\projek\\public\\index.php')
DEBUG - 2025-09-03 15:04:03 --> Session: Class initialized using 'CodeIgniter\Session\Handlers\FileHandler' driver.
WARNING - 2025-09-03 15:04:03 --> [DEPRECATED] Creation of dynamic property App\Controllers\AdminController::$wishlistModel is deprecated in APPPATH\Controllers\AdminController.php on line 29.
 1 SYSTEMPATH\CodeIgniter.php(903): App\Controllers\AdminController->__construct()
 2 SYSTEMPATH\CodeIgniter.php(498): CodeIgniter\CodeIgniter->createController()
 3 SYSTEMPATH\CodeIgniter.php(354): CodeIgniter\CodeIgniter->handleRequest(null, Object(Config\Cache), false)
 4 SYSTEMPATH\Boot.php(334): CodeIgniter\CodeIgniter->run()
 5 SYSTEMPATH\Boot.php(67): CodeIgniter\Boot::runCodeIgniter(Object(CodeIgniter\CodeIgniter))
 6 FCPATH\index.php(59): CodeIgniter\Boot::bootWeb(Object(Config\Paths))
 7 SYSTEMPATH\rewrite.php(44): require_once('C:\\laragon\\www\\projek\\public\\index.php')
DEBUG - 2025-09-03 15:04:07 --> Session: Class initialized using 'CodeIgniter\Session\Handlers\FileHandler' driver.
WARNING - 2025-09-03 15:04:07 --> [DEPRECATED] Creation of dynamic property App\Controllers\AdminController::$wishlistModel is deprecated in APPPATH\Controllers\AdminController.php on line 29.
 1 SYSTEMPATH\CodeIgniter.php(903): App\Controllers\AdminController->__construct()
 2 SYSTEMPATH\CodeIgniter.php(498): CodeIgniter\CodeIgniter->createController()
 3 SYSTEMPATH\CodeIgniter.php(354): CodeIgniter\CodeIgniter->handleRequest(null, Object(Config\Cache), false)
 4 SYSTEMPATH\Boot.php(334): CodeIgniter\CodeIgniter->run()
 5 SYSTEMPATH\Boot.php(67): CodeIgniter\Boot::runCodeIgniter(Object(CodeIgniter\CodeIgniter))
 6 FCPATH\index.php(59): CodeIgniter\Boot::bootWeb(Object(Config\Paths))
 7 SYSTEMPATH\rewrite.php(44): require_once('C:\\laragon\\www\\projek\\public\\index.php')
DEBUG - 2025-09-03 15:04:14 --> Session: Class initialized using 'CodeIgniter\Session\Handlers\FileHandler' driver.
WARNING - 2025-09-03 15:04:14 --> [DEPRECATED] Creation of dynamic property App\Controllers\AdminController::$wishlistModel is deprecated in APPPATH\Controllers\AdminController.php on line 29.
 1 SYSTEMPATH\CodeIgniter.php(903): App\Controllers\AdminController->__construct()
 2 SYSTEMPATH\CodeIgniter.php(498): CodeIgniter\CodeIgniter->createController()
 3 SYSTEMPATH\CodeIgniter.php(354): CodeIgniter\CodeIgniter->handleRequest(null, Object(Config\Cache), false)
 4 SYSTEMPATH\Boot.php(334): CodeIgniter\CodeIgniter->run()
 5 SYSTEMPATH\Boot.php(67): CodeIgniter\Boot::runCodeIgniter(Object(CodeIgniter\CodeIgniter))
 6 FCPATH\index.php(59): CodeIgniter\Boot::bootWeb(Object(Config\Paths))
 7 SYSTEMPATH\rewrite.php(44): require_once('C:\\laragon\\www\\projek\\public\\index.php')
DEBUG - 2025-09-03 15:10:49 --> Session: Class initialized using 'CodeIgniter\Session\Handlers\FileHandler' driver.
WARNING - 2025-09-03 15:10:50 --> [DEPRECATED] Creation of dynamic property App\Controllers\AdminController::$wishlistModel is deprecated in APPPATH\Controllers\AdminController.php on line 29.
 1 SYSTEMPATH\CodeIgniter.php(903): App\Controllers\AdminController->__construct()
 2 SYSTEMPATH\CodeIgniter.php(498): CodeIgniter\CodeIgniter->createController()
 3 SYSTEMPATH\CodeIgniter.php(354): CodeIgniter\CodeIgniter->handleRequest(null, Object(Config\Cache), false)
 4 SYSTEMPATH\Boot.php(334): CodeIgniter\CodeIgniter->run()
 5 SYSTEMPATH\Boot.php(67): CodeIgniter\Boot::runCodeIgniter(Object(CodeIgniter\CodeIgniter))
 6 FCPATH\index.php(59): CodeIgniter\Boot::bootWeb(Object(Config\Paths))
 7 SYSTEMPATH\rewrite.php(44): require_once('C:\\laragon\\www\\projek\\public\\index.php')
DEBUG - 2025-09-03 15:12:36 --> Session: Class initialized using 'CodeIgniter\Session\Handlers\FileHandler' driver.
WARNING - 2025-09-03 15:12:36 --> [DEPRECATED] Creation of dynamic property App\Controllers\AdminController::$wishlistModel is deprecated in APPPATH\Controllers\AdminController.php on line 29.
 1 SYSTEMPATH\CodeIgniter.php(903): App\Controllers\AdminController->__construct()
 2 SYSTEMPATH\CodeIgniter.php(498): CodeIgniter\CodeIgniter->createController()
 3 SYSTEMPATH\CodeIgniter.php(354): CodeIgniter\CodeIgniter->handleRequest(null, Object(Config\Cache), false)
 4 SYSTEMPATH\Boot.php(334): CodeIgniter\CodeIgniter->run()
 5 SYSTEMPATH\Boot.php(67): CodeIgniter\Boot::runCodeIgniter(Object(CodeIgniter\CodeIgniter))
 6 FCPATH\index.php(59): CodeIgniter\Boot::bootWeb(Object(Config\Paths))
 7 SYSTEMPATH\rewrite.php(44): require_once('C:\\laragon\\www\\projek\\public\\index.php')
DEBUG - 2025-09-03 15:12:43 --> Session: Class initialized using 'CodeIgniter\Session\Handlers\FileHandler' driver.
DEBUG - 2025-09-03 15:12:44 --> Session: Class initialized using 'CodeIgniter\Session\Handlers\FileHandler' driver.
DEBUG - 2025-09-03 15:12:51 --> Session: Class initialized using 'CodeIgniter\Session\Handlers\FileHandler' driver.
DEBUG - 2025-09-03 15:12:58 --> Login attempt: admin with password: admin123
DEBUG - 2025-09-03 15:12:58 --> Search by email result: 
DEBUG - 2025-09-03 15:12:58 --> Search by username result: Array
(
    [id] => 1
    [user_id] => 1
    [Email] => admin@banjarmasin.com
    [Password] => $2y$10$5iW2j4qMqg0s.yiOVhvQC.UgHJEWHGM0YZE2cc.q8Qbv43lM75XSm
    [Role] => admin
    [Username] => admin
    [Nama_Asli] => Administrator
)

DEBUG - 2025-09-03 15:12:58 --> Password verify result: TRUE
DEBUG - 2025-09-03 15:12:58 --> Input password: admin123
DEBUG - 2025-09-03 15:12:58 --> Hash from DB: $2y$10$5iW2j4qMqg0s.yiOVhvQC.UgHJEWHGM0YZE2cc.q8Qbv43lM75XSm
DEBUG - 2025-09-03 15:12:58 --> Session: Class initialized using 'CodeIgniter\Session\Handlers\FileHandler' driver.
DEBUG - 2025-09-03 15:12:58 --> Login success, role: admin
DEBUG - 2025-09-03 15:12:58 --> Session data: Array
(
    [__ci_last_regenerate] => 1756912371
    [_ci_previous_url] => http://localhost:8080/index.php/login
    [isLoggedIn] => 1
    [user_id] => 1
    [userEmail] => admin@banjarmasin.com
    [username] => admin
    [Nama_Asli] => Administrator
    [role] => admin
)

DEBUG - 2025-09-03 15:12:58 --> Redirecting to admin dashboard
DEBUG - 2025-09-03 15:12:58 --> Session: Class initialized using 'CodeIgniter\Session\Handlers\FileHandler' driver.
WARNING - 2025-09-03 15:12:58 --> [DEPRECATED] Creation of dynamic property App\Controllers\AdminController::$wishlistModel is deprecated in APPPATH\Controllers\AdminController.php on line 29.
 1 SYSTEMPATH\CodeIgniter.php(903): App\Controllers\AdminController->__construct()
 2 SYSTEMPATH\CodeIgniter.php(498): CodeIgniter\CodeIgniter->createController()
 3 SYSTEMPATH\CodeIgniter.php(354): CodeIgniter\CodeIgniter->handleRequest(null, Object(Config\Cache), false)
 4 SYSTEMPATH\Boot.php(334): CodeIgniter\CodeIgniter->run()
 5 SYSTEMPATH\Boot.php(67): CodeIgniter\Boot::runCodeIgniter(Object(CodeIgniter\CodeIgniter))
 6 FCPATH\index.php(59): CodeIgniter\Boot::bootWeb(Object(Config\Paths))
 7 SYSTEMPATH\rewrite.php(44): require_once('C:\\laragon\\www\\projek\\public\\index.php')
DEBUG - 2025-09-03 15:13:54 --> Session: Class initialized using 'CodeIgniter\Session\Handlers\FileHandler' driver.
WARNING - 2025-09-03 15:13:54 --> [DEPRECATED] Creation of dynamic property App\Controllers\AdminController::$wishlistModel is deprecated in APPPATH\Controllers\AdminController.php on line 29.
 1 SYSTEMPATH\CodeIgniter.php(903): App\Controllers\AdminController->__construct()
 2 SYSTEMPATH\CodeIgniter.php(498): CodeIgniter\CodeIgniter->createController()
 3 SYSTEMPATH\CodeIgniter.php(354): CodeIgniter\CodeIgniter->handleRequest(null, Object(Config\Cache), false)
 4 SYSTEMPATH\Boot.php(334): CodeIgniter\CodeIgniter->run()
 5 SYSTEMPATH\Boot.php(67): CodeIgniter\Boot::runCodeIgniter(Object(CodeIgniter\CodeIgniter))
 6 FCPATH\index.php(59): CodeIgniter\Boot::bootWeb(Object(Config\Paths))
 7 SYSTEMPATH\rewrite.php(44): require_once('C:\\laragon\\www\\projek\\public\\index.php')
DEBUG - 2025-09-03 15:13:59 --> Session: Class initialized using 'CodeIgniter\Session\Handlers\FileHandler' driver.
WARNING - 2025-09-03 15:13:59 --> [DEPRECATED] Creation of dynamic property App\Controllers\AdminController::$wishlistModel is deprecated in APPPATH\Controllers\AdminController.php on line 29.
 1 SYSTEMPATH\CodeIgniter.php(903): App\Controllers\AdminController->__construct()
 2 SYSTEMPATH\CodeIgniter.php(498): CodeIgniter\CodeIgniter->createController()
 3 SYSTEMPATH\CodeIgniter.php(354): CodeIgniter\CodeIgniter->handleRequest(null, Object(Config\Cache), false)
 4 SYSTEMPATH\Boot.php(334): CodeIgniter\CodeIgniter->run()
 5 SYSTEMPATH\Boot.php(67): CodeIgniter\Boot::runCodeIgniter(Object(CodeIgniter\CodeIgniter))
 6 FCPATH\index.php(59): CodeIgniter\Boot::bootWeb(Object(Config\Paths))
 7 SYSTEMPATH\rewrite.php(44): require_once('C:\\laragon\\www\\projek\\public\\index.php')
DEBUG - 2025-09-03 15:15:00 --> Session: Class initialized using 'CodeIgniter\Session\Handlers\FileHandler' driver.
WARNING - 2025-09-03 15:15:00 --> [DEPRECATED] Creation of dynamic property App\Controllers\AdminController::$wishlistModel is deprecated in APPPATH\Controllers\AdminController.php on line 29.
 1 SYSTEMPATH\CodeIgniter.php(903): App\Controllers\AdminController->__construct()
 2 SYSTEMPATH\CodeIgniter.php(498): CodeIgniter\CodeIgniter->createController()
 3 SYSTEMPATH\CodeIgniter.php(354): CodeIgniter\CodeIgniter->handleRequest(null, Object(Config\Cache), false)
 4 SYSTEMPATH\Boot.php(334): CodeIgniter\CodeIgniter->run()
 5 SYSTEMPATH\Boot.php(67): CodeIgniter\Boot::runCodeIgniter(Object(CodeIgniter\CodeIgniter))
 6 FCPATH\index.php(59): CodeIgniter\Boot::bootWeb(Object(Config\Paths))
 7 SYSTEMPATH\rewrite.php(44): require_once('C:\\laragon\\www\\projek\\public\\index.php')
DEBUG - 2025-09-03 15:15:09 --> Session: Class initialized using 'CodeIgniter\Session\Handlers\FileHandler' driver.
WARNING - 2025-09-03 15:15:09 --> [DEPRECATED] Creation of dynamic property App\Controllers\AdminController::$wishlistModel is deprecated in APPPATH\Controllers\AdminController.php on line 29.
 1 SYSTEMPATH\CodeIgniter.php(903): App\Controllers\AdminController->__construct()
 2 SYSTEMPATH\CodeIgniter.php(498): CodeIgniter\CodeIgniter->createController()
 3 SYSTEMPATH\CodeIgniter.php(354): CodeIgniter\CodeIgniter->handleRequest(null, Object(Config\Cache), false)
 4 SYSTEMPATH\Boot.php(334): CodeIgniter\CodeIgniter->run()
 5 SYSTEMPATH\Boot.php(67): CodeIgniter\Boot::runCodeIgniter(Object(CodeIgniter\CodeIgniter))
 6 FCPATH\index.php(59): CodeIgniter\Boot::bootWeb(Object(Config\Paths))
 7 SYSTEMPATH\rewrite.php(44): require_once('C:\\laragon\\www\\projek\\public\\index.php')
DEBUG - 2025-09-03 15:15:22 --> Session: Class initialized using 'CodeIgniter\Session\Handlers\FileHandler' driver.
WARNING - 2025-09-03 15:15:22 --> [DEPRECATED] Creation of dynamic property App\Controllers\AdminController::$wishlistModel is deprecated in APPPATH\Controllers\AdminController.php on line 29.
 1 SYSTEMPATH\CodeIgniter.php(903): App\Controllers\AdminController->__construct()
 2 SYSTEMPATH\CodeIgniter.php(498): CodeIgniter\CodeIgniter->createController()
 3 SYSTEMPATH\CodeIgniter.php(354): CodeIgniter\CodeIgniter->handleRequest(null, Object(Config\Cache), false)
 4 SYSTEMPATH\Boot.php(334): CodeIgniter\CodeIgniter->run()
 5 SYSTEMPATH\Boot.php(67): CodeIgniter\Boot::runCodeIgniter(Object(CodeIgniter\CodeIgniter))
 6 FCPATH\index.php(59): CodeIgniter\Boot::bootWeb(Object(Config\Paths))
 7 SYSTEMPATH\rewrite.php(44): require_once('C:\\laragon\\www\\projek\\public\\index.php')
DEBUG - 2025-09-03 15:15:25 --> Session: Class initialized using 'CodeIgniter\Session\Handlers\FileHandler' driver.
WARNING - 2025-09-03 15:15:25 --> [DEPRECATED] Creation of dynamic property App\Controllers\AdminController::$wishlistModel is deprecated in APPPATH\Controllers\AdminController.php on line 29.
 1 SYSTEMPATH\CodeIgniter.php(903): App\Controllers\AdminController->__construct()
 2 SYSTEMPATH\CodeIgniter.php(498): CodeIgniter\CodeIgniter->createController()
 3 SYSTEMPATH\CodeIgniter.php(354): CodeIgniter\CodeIgniter->handleRequest(null, Object(Config\Cache), false)
 4 SYSTEMPATH\Boot.php(334): CodeIgniter\CodeIgniter->run()
 5 SYSTEMPATH\Boot.php(67): CodeIgniter\Boot::runCodeIgniter(Object(CodeIgniter\CodeIgniter))
 6 FCPATH\index.php(59): CodeIgniter\Boot::bootWeb(Object(Config\Paths))
 7 SYSTEMPATH\rewrite.php(44): require_once('C:\\laragon\\www\\projek\\public\\index.php')
DEBUG - 2025-09-03 15:16:27 --> Session: Class initialized using 'CodeIgniter\Session\Handlers\FileHandler' driver.
WARNING - 2025-09-03 15:16:27 --> [DEPRECATED] Creation of dynamic property App\Controllers\AdminController::$wishlistModel is deprecated in APPPATH\Controllers\AdminController.php on line 29.
 1 SYSTEMPATH\CodeIgniter.php(903): App\Controllers\AdminController->__construct()
 2 SYSTEMPATH\CodeIgniter.php(498): CodeIgniter\CodeIgniter->createController()
 3 SYSTEMPATH\CodeIgniter.php(354): CodeIgniter\CodeIgniter->handleRequest(null, Object(Config\Cache), false)
 4 SYSTEMPATH\Boot.php(334): CodeIgniter\CodeIgniter->run()
 5 SYSTEMPATH\Boot.php(67): CodeIgniter\Boot::runCodeIgniter(Object(CodeIgniter\CodeIgniter))
 6 FCPATH\index.php(59): CodeIgniter\Boot::bootWeb(Object(Config\Paths))
 7 SYSTEMPATH\rewrite.php(44): require_once('C:\\laragon\\www\\projek\\public\\index.php')
DEBUG - 2025-09-03 15:16:34 --> Session: Class initialized using 'CodeIgniter\Session\Handlers\FileHandler' driver.
WARNING - 2025-09-03 15:16:34 --> [DEPRECATED] Creation of dynamic property App\Controllers\AdminController::$wishlistModel is deprecated in APPPATH\Controllers\AdminController.php on line 29.
 1 SYSTEMPATH\CodeIgniter.php(903): App\Controllers\AdminController->__construct()
 2 SYSTEMPATH\CodeIgniter.php(498): CodeIgniter\CodeIgniter->createController()
 3 SYSTEMPATH\CodeIgniter.php(354): CodeIgniter\CodeIgniter->handleRequest(null, Object(Config\Cache), false)
 4 SYSTEMPATH\Boot.php(334): CodeIgniter\CodeIgniter->run()
 5 SYSTEMPATH\Boot.php(67): CodeIgniter\Boot::runCodeIgniter(Object(CodeIgniter\CodeIgniter))
 6 FCPATH\index.php(59): CodeIgniter\Boot::bootWeb(Object(Config\Paths))
 7 SYSTEMPATH\rewrite.php(44): require_once('C:\\laragon\\www\\projek\\public\\index.php')
DEBUG - 2025-09-03 15:16:38 --> Session: Class initialized using 'CodeIgniter\Session\Handlers\FileHandler' driver.
WARNING - 2025-09-03 15:16:38 --> [DEPRECATED] Creation of dynamic property App\Controllers\AdminController::$wishlistModel is deprecated in APPPATH\Controllers\AdminController.php on line 29.
 1 SYSTEMPATH\CodeIgniter.php(903): App\Controllers\AdminController->__construct()
 2 SYSTEMPATH\CodeIgniter.php(498): CodeIgniter\CodeIgniter->createController()
 3 SYSTEMPATH\CodeIgniter.php(354): CodeIgniter\CodeIgniter->handleRequest(null, Object(Config\Cache), false)
 4 SYSTEMPATH\Boot.php(334): CodeIgniter\CodeIgniter->run()
 5 SYSTEMPATH\Boot.php(67): CodeIgniter\Boot::runCodeIgniter(Object(CodeIgniter\CodeIgniter))
 6 FCPATH\index.php(59): CodeIgniter\Boot::bootWeb(Object(Config\Paths))
 7 SYSTEMPATH\rewrite.php(44): require_once('C:\\laragon\\www\\projek\\public\\index.php')
DEBUG - 2025-09-03 15:16:41 --> Session: Class initialized using 'CodeIgniter\Session\Handlers\FileHandler' driver.
WARNING - 2025-09-03 15:16:41 --> [DEPRECATED] Creation of dynamic property App\Controllers\AdminController::$wishlistModel is deprecated in APPPATH\Controllers\AdminController.php on line 29.
 1 SYSTEMPATH\CodeIgniter.php(903): App\Controllers\AdminController->__construct()
 2 SYSTEMPATH\CodeIgniter.php(498): CodeIgniter\CodeIgniter->createController()
 3 SYSTEMPATH\CodeIgniter.php(354): CodeIgniter\CodeIgniter->handleRequest(null, Object(Config\Cache), false)
 4 SYSTEMPATH\Boot.php(334): CodeIgniter\CodeIgniter->run()
 5 SYSTEMPATH\Boot.php(67): CodeIgniter\Boot::runCodeIgniter(Object(CodeIgniter\CodeIgniter))
 6 FCPATH\index.php(59): CodeIgniter\Boot::bootWeb(Object(Config\Paths))
 7 SYSTEMPATH\rewrite.php(44): require_once('C:\\laragon\\www\\projek\\public\\index.php')
DEBUG - 2025-09-03 15:16:48 --> Session: Class initialized using 'CodeIgniter\Session\Handlers\FileHandler' driver.
WARNING - 2025-09-03 15:16:48 --> [DEPRECATED] Creation of dynamic property App\Controllers\AdminController::$wishlistModel is deprecated in APPPATH\Controllers\AdminController.php on line 29.
 1 SYSTEMPATH\CodeIgniter.php(903): App\Controllers\AdminController->__construct()
 2 SYSTEMPATH\CodeIgniter.php(498): CodeIgniter\CodeIgniter->createController()
 3 SYSTEMPATH\CodeIgniter.php(354): CodeIgniter\CodeIgniter->handleRequest(null, Object(Config\Cache), false)
 4 SYSTEMPATH\Boot.php(334): CodeIgniter\CodeIgniter->run()
 5 SYSTEMPATH\Boot.php(67): CodeIgniter\Boot::runCodeIgniter(Object(CodeIgniter\CodeIgniter))
 6 FCPATH\index.php(59): CodeIgniter\Boot::bootWeb(Object(Config\Paths))
 7 SYSTEMPATH\rewrite.php(44): require_once('C:\\laragon\\www\\projek\\public\\index.php')
DEBUG - 2025-09-03 15:16:52 --> Session: Class initialized using 'CodeIgniter\Session\Handlers\FileHandler' driver.
WARNING - 2025-09-03 15:16:52 --> [DEPRECATED] Creation of dynamic property App\Controllers\AdminController::$wishlistModel is deprecated in APPPATH\Controllers\AdminController.php on line 29.
 1 SYSTEMPATH\CodeIgniter.php(903): App\Controllers\AdminController->__construct()
 2 SYSTEMPATH\CodeIgniter.php(498): CodeIgniter\CodeIgniter->createController()
 3 SYSTEMPATH\CodeIgniter.php(354): CodeIgniter\CodeIgniter->handleRequest(null, Object(Config\Cache), false)
 4 SYSTEMPATH\Boot.php(334): CodeIgniter\CodeIgniter->run()
 5 SYSTEMPATH\Boot.php(67): CodeIgniter\Boot::runCodeIgniter(Object(CodeIgniter\CodeIgniter))
 6 FCPATH\index.php(59): CodeIgniter\Boot::bootWeb(Object(Config\Paths))
 7 SYSTEMPATH\rewrite.php(44): require_once('C:\\laragon\\www\\projek\\public\\index.php')
DEBUG - 2025-09-03 15:17:02 --> Session: Class initialized using 'CodeIgniter\Session\Handlers\FileHandler' driver.
WARNING - 2025-09-03 15:17:02 --> [DEPRECATED] Creation of dynamic property App\Controllers\AdminController::$wishlistModel is deprecated in APPPATH\Controllers\AdminController.php on line 29.
 1 SYSTEMPATH\CodeIgniter.php(903): App\Controllers\AdminController->__construct()
 2 SYSTEMPATH\CodeIgniter.php(498): CodeIgniter\CodeIgniter->createController()
 3 SYSTEMPATH\CodeIgniter.php(354): CodeIgniter\CodeIgniter->handleRequest(null, Object(Config\Cache), false)
 4 SYSTEMPATH\Boot.php(334): CodeIgniter\CodeIgniter->run()
 5 SYSTEMPATH\Boot.php(67): CodeIgniter\Boot::runCodeIgniter(Object(CodeIgniter\CodeIgniter))
 6 FCPATH\index.php(59): CodeIgniter\Boot::bootWeb(Object(Config\Paths))
 7 SYSTEMPATH\rewrite.php(44): require_once('C:\\laragon\\www\\projek\\public\\index.php')
DEBUG - 2025-09-03 15:18:23 --> Session: Class initialized using 'CodeIgniter\Session\Handlers\FileHandler' driver.
WARNING - 2025-09-03 15:18:23 --> [DEPRECATED] Creation of dynamic property App\Controllers\AdminController::$wishlistModel is deprecated in APPPATH\Controllers\AdminController.php on line 29.
 1 SYSTEMPATH\CodeIgniter.php(903): App\Controllers\AdminController->__construct()
 2 SYSTEMPATH\CodeIgniter.php(498): CodeIgniter\CodeIgniter->createController()
 3 SYSTEMPATH\CodeIgniter.php(354): CodeIgniter\CodeIgniter->handleRequest(null, Object(Config\Cache), false)
 4 SYSTEMPATH\Boot.php(334): CodeIgniter\CodeIgniter->run()
 5 SYSTEMPATH\Boot.php(67): CodeIgniter\Boot::runCodeIgniter(Object(CodeIgniter\CodeIgniter))
 6 FCPATH\index.php(59): CodeIgniter\Boot::bootWeb(Object(Config\Paths))
 7 SYSTEMPATH\rewrite.php(44): require_once('C:\\laragon\\www\\projek\\public\\index.php')
DEBUG - 2025-09-03 15:18:27 --> Session: Class initialized using 'CodeIgniter\Session\Handlers\FileHandler' driver.
WARNING - 2025-09-03 15:18:27 --> [DEPRECATED] Creation of dynamic property App\Controllers\AdminController::$wishlistModel is deprecated in APPPATH\Controllers\AdminController.php on line 29.
 1 SYSTEMPATH\CodeIgniter.php(903): App\Controllers\AdminController->__construct()
 2 SYSTEMPATH\CodeIgniter.php(498): CodeIgniter\CodeIgniter->createController()
 3 SYSTEMPATH\CodeIgniter.php(354): CodeIgniter\CodeIgniter->handleRequest(null, Object(Config\Cache), false)
 4 SYSTEMPATH\Boot.php(334): CodeIgniter\CodeIgniter->run()
 5 SYSTEMPATH\Boot.php(67): CodeIgniter\Boot::runCodeIgniter(Object(CodeIgniter\CodeIgniter))
 6 FCPATH\index.php(59): CodeIgniter\Boot::bootWeb(Object(Config\Paths))
 7 SYSTEMPATH\rewrite.php(44): require_once('C:\\laragon\\www\\projek\\public\\index.php')
DEBUG - 2025-09-03 15:18:30 --> Session: Class initialized using 'CodeIgniter\Session\Handlers\FileHandler' driver.
WARNING - 2025-09-03 15:18:30 --> [DEPRECATED] Creation of dynamic property App\Controllers\AdminController::$wishlistModel is deprecated in APPPATH\Controllers\AdminController.php on line 29.
 1 SYSTEMPATH\CodeIgniter.php(903): App\Controllers\AdminController->__construct()
 2 SYSTEMPATH\CodeIgniter.php(498): CodeIgniter\CodeIgniter->createController()
 3 SYSTEMPATH\CodeIgniter.php(354): CodeIgniter\CodeIgniter->handleRequest(null, Object(Config\Cache), false)
 4 SYSTEMPATH\Boot.php(334): CodeIgniter\CodeIgniter->run()
 5 SYSTEMPATH\Boot.php(67): CodeIgniter\Boot::runCodeIgniter(Object(CodeIgniter\CodeIgniter))
 6 FCPATH\index.php(59): CodeIgniter\Boot::bootWeb(Object(Config\Paths))
 7 SYSTEMPATH\rewrite.php(44): require_once('C:\\laragon\\www\\projek\\public\\index.php')
DEBUG - 2025-09-03 15:43:17 --> Session: Class initialized using 'CodeIgniter\Session\Handlers\FileHandler' driver.
WARNING - 2025-09-03 15:43:17 --> [DEPRECATED] Creation of dynamic property App\Controllers\AdminController::$wishlistModel is deprecated in APPPATH\Controllers\AdminController.php on line 29.
 1 SYSTEMPATH\CodeIgniter.php(903): App\Controllers\AdminController->__construct()
 2 SYSTEMPATH\CodeIgniter.php(498): CodeIgniter\CodeIgniter->createController()
 3 SYSTEMPATH\CodeIgniter.php(354): CodeIgniter\CodeIgniter->handleRequest(null, Object(Config\Cache), false)
 4 SYSTEMPATH\Boot.php(334): CodeIgniter\CodeIgniter->run()
 5 SYSTEMPATH\Boot.php(67): CodeIgniter\Boot::runCodeIgniter(Object(CodeIgniter\CodeIgniter))
 6 FCPATH\index.php(59): CodeIgniter\Boot::bootWeb(Object(Config\Paths))
 7 SYSTEMPATH\rewrite.php(44): require_once('C:\\laragon\\www\\projek\\public\\index.php')
DEBUG - 2025-09-03 15:45:29 --> Session: Class initialized using 'CodeIgniter\Session\Handlers\FileHandler' driver.
WARNING - 2025-09-03 15:45:29 --> [DEPRECATED] Creation of dynamic property App\Controllers\AdminController::$wishlistModel is deprecated in APPPATH\Controllers\AdminController.php on line 29.
 1 SYSTEMPATH\CodeIgniter.php(903): App\Controllers\AdminController->__construct()
 2 SYSTEMPATH\CodeIgniter.php(498): CodeIgniter\CodeIgniter->createController()
 3 SYSTEMPATH\CodeIgniter.php(354): CodeIgniter\CodeIgniter->handleRequest(null, Object(Config\Cache), false)
 4 SYSTEMPATH\Boot.php(334): CodeIgniter\CodeIgniter->run()
 5 SYSTEMPATH\Boot.php(67): CodeIgniter\Boot::runCodeIgniter(Object(CodeIgniter\CodeIgniter))
 6 FCPATH\index.php(59): CodeIgniter\Boot::bootWeb(Object(Config\Paths))
 7 SYSTEMPATH\rewrite.php(44): require_once('C:\\laragon\\www\\projek\\public\\index.php')
DEBUG - 2025-09-03 15:45:51 --> Session: Class initialized using 'CodeIgniter\Session\Handlers\FileHandler' driver.
WARNING - 2025-09-03 15:45:51 --> [DEPRECATED] Creation of dynamic property App\Controllers\AdminController::$wishlistModel is deprecated in APPPATH\Controllers\AdminController.php on line 29.
 1 SYSTEMPATH\CodeIgniter.php(903): App\Controllers\AdminController->__construct()
 2 SYSTEMPATH\CodeIgniter.php(498): CodeIgniter\CodeIgniter->createController()
 3 SYSTEMPATH\CodeIgniter.php(354): CodeIgniter\CodeIgniter->handleRequest(null, Object(Config\Cache), false)
 4 SYSTEMPATH\Boot.php(334): CodeIgniter\CodeIgniter->run()
 5 SYSTEMPATH\Boot.php(67): CodeIgniter\Boot::runCodeIgniter(Object(CodeIgniter\CodeIgniter))
 6 FCPATH\index.php(59): CodeIgniter\Boot::bootWeb(Object(Config\Paths))
 7 SYSTEMPATH\rewrite.php(44): require_once('C:\\laragon\\www\\projek\\public\\index.php')
DEBUG - 2025-09-03 16:00:10 --> Session: Class initialized using 'CodeIgniter\Session\Handlers\FileHandler' driver.
WARNING - 2025-09-03 16:00:10 --> [DEPRECATED] Creation of dynamic property App\Controllers\AdminController::$wishlistModel is deprecated in APPPATH\Controllers\AdminController.php on line 29.
 1 SYSTEMPATH\CodeIgniter.php(903): App\Controllers\AdminController->__construct()
 2 SYSTEMPATH\CodeIgniter.php(498): CodeIgniter\CodeIgniter->createController()
 3 SYSTEMPATH\CodeIgniter.php(354): CodeIgniter\CodeIgniter->handleRequest(null, Object(Config\Cache), false)
 4 SYSTEMPATH\Boot.php(334): CodeIgniter\CodeIgniter->run()
 5 SYSTEMPATH\Boot.php(67): CodeIgniter\Boot::runCodeIgniter(Object(CodeIgniter\CodeIgniter))
 6 FCPATH\index.php(59): CodeIgniter\Boot::bootWeb(Object(Config\Paths))
 7 SYSTEMPATH\rewrite.php(44): require_once('C:\\laragon\\www\\projek\\public\\index.php')
DEBUG - 2025-09-03 16:00:16 --> Session: Class initialized using 'CodeIgniter\Session\Handlers\FileHandler' driver.
WARNING - 2025-09-03 16:00:16 --> [DEPRECATED] Creation of dynamic property App\Controllers\AdminController::$wishlistModel is deprecated in APPPATH\Controllers\AdminController.php on line 29.
 1 SYSTEMPATH\CodeIgniter.php(903): App\Controllers\AdminController->__construct()
 2 SYSTEMPATH\CodeIgniter.php(498): CodeIgniter\CodeIgniter->createController()
 3 SYSTEMPATH\CodeIgniter.php(354): CodeIgniter\CodeIgniter->handleRequest(null, Object(Config\Cache), false)
 4 SYSTEMPATH\Boot.php(334): CodeIgniter\CodeIgniter->run()
 5 SYSTEMPATH\Boot.php(67): CodeIgniter\Boot::runCodeIgniter(Object(CodeIgniter\CodeIgniter))
 6 FCPATH\index.php(59): CodeIgniter\Boot::bootWeb(Object(Config\Paths))
 7 SYSTEMPATH\rewrite.php(44): require_once('C:\\laragon\\www\\projek\\public\\index.php')
DEBUG - 2025-09-03 16:00:59 --> Session: Class initialized using 'CodeIgniter\Session\Handlers\FileHandler' driver.
WARNING - 2025-09-03 16:00:59 --> [DEPRECATED] Creation of dynamic property App\Controllers\AdminController::$wishlistModel is deprecated in APPPATH\Controllers\AdminController.php on line 29.
 1 SYSTEMPATH\CodeIgniter.php(903): App\Controllers\AdminController->__construct()
 2 SYSTEMPATH\CodeIgniter.php(498): CodeIgniter\CodeIgniter->createController()
 3 SYSTEMPATH\CodeIgniter.php(354): CodeIgniter\CodeIgniter->handleRequest(null, Object(Config\Cache), false)
 4 SYSTEMPATH\Boot.php(334): CodeIgniter\CodeIgniter->run()
 5 SYSTEMPATH\Boot.php(67): CodeIgniter\Boot::runCodeIgniter(Object(CodeIgniter\CodeIgniter))
 6 FCPATH\index.php(59): CodeIgniter\Boot::bootWeb(Object(Config\Paths))
 7 SYSTEMPATH\rewrite.php(44): require_once('C:\\laragon\\www\\projek\\public\\index.php')
DEBUG - 2025-09-03 16:03:47 --> Session: Class initialized using 'CodeIgniter\Session\Handlers\FileHandler' driver.
WARNING - 2025-09-03 16:03:47 --> [DEPRECATED] Creation of dynamic property App\Controllers\AdminController::$wishlistModel is deprecated in APPPATH\Controllers\AdminController.php on line 29.
 1 SYSTEMPATH\CodeIgniter.php(903): App\Controllers\AdminController->__construct()
 2 SYSTEMPATH\CodeIgniter.php(498): CodeIgniter\CodeIgniter->createController()
 3 SYSTEMPATH\CodeIgniter.php(354): CodeIgniter\CodeIgniter->handleRequest(null, Object(Config\Cache), false)
 4 SYSTEMPATH\Boot.php(334): CodeIgniter\CodeIgniter->run()
 5 SYSTEMPATH\Boot.php(67): CodeIgniter\Boot::runCodeIgniter(Object(CodeIgniter\CodeIgniter))
 6 FCPATH\index.php(59): CodeIgniter\Boot::bootWeb(Object(Config\Paths))
 7 SYSTEMPATH\rewrite.php(44): require_once('C:\\laragon\\www\\projek\\public\\index.php')
DEBUG - 2025-09-03 16:05:29 --> Session: Class initialized using 'CodeIgniter\Session\Handlers\FileHandler' driver.
WARNING - 2025-09-03 16:05:30 --> [DEPRECATED] Creation of dynamic property App\Controllers\AdminController::$wishlistModel is deprecated in APPPATH\Controllers\AdminController.php on line 29.
 1 SYSTEMPATH\CodeIgniter.php(903): App\Controllers\AdminController->__construct()
 2 SYSTEMPATH\CodeIgniter.php(498): CodeIgniter\CodeIgniter->createController()
 3 SYSTEMPATH\CodeIgniter.php(354): CodeIgniter\CodeIgniter->handleRequest(null, Object(Config\Cache), false)
 4 SYSTEMPATH\Boot.php(334): CodeIgniter\CodeIgniter->run()
 5 SYSTEMPATH\Boot.php(67): CodeIgniter\Boot::runCodeIgniter(Object(CodeIgniter\CodeIgniter))
 6 FCPATH\index.php(59): CodeIgniter\Boot::bootWeb(Object(Config\Paths))
 7 SYSTEMPATH\rewrite.php(44): require_once('C:\\laragon\\www\\projek\\public\\index.php')
DEBUG - 2025-09-03 16:05:58 --> Session: Class initialized using 'CodeIgniter\Session\Handlers\FileHandler' driver.
WARNING - 2025-09-03 16:05:58 --> [DEPRECATED] Creation of dynamic property App\Controllers\AdminController::$wishlistModel is deprecated in APPPATH\Controllers\AdminController.php on line 29.
 1 SYSTEMPATH\CodeIgniter.php(903): App\Controllers\AdminController->__construct()
 2 SYSTEMPATH\CodeIgniter.php(498): CodeIgniter\CodeIgniter->createController()
 3 SYSTEMPATH\CodeIgniter.php(354): CodeIgniter\CodeIgniter->handleRequest(null, Object(Config\Cache), false)
 4 SYSTEMPATH\Boot.php(334): CodeIgniter\CodeIgniter->run()
 5 SYSTEMPATH\Boot.php(67): CodeIgniter\Boot::runCodeIgniter(Object(CodeIgniter\CodeIgniter))
 6 FCPATH\index.php(59): CodeIgniter\Boot::bootWeb(Object(Config\Paths))
 7 SYSTEMPATH\rewrite.php(44): require_once('C:\\laragon\\www\\projek\\public\\index.php')
DEBUG - 2025-09-03 16:07:47 --> Session: Class initialized using 'CodeIgniter\Session\Handlers\FileHandler' driver.
WARNING - 2025-09-03 16:07:47 --> [DEPRECATED] Creation of dynamic property App\Controllers\AdminController::$wishlistModel is deprecated in APPPATH\Controllers\AdminController.php on line 29.
 1 SYSTEMPATH\CodeIgniter.php(903): App\Controllers\AdminController->__construct()
 2 SYSTEMPATH\CodeIgniter.php(498): CodeIgniter\CodeIgniter->createController()
 3 SYSTEMPATH\CodeIgniter.php(354): CodeIgniter\CodeIgniter->handleRequest(null, Object(Config\Cache), false)
 4 SYSTEMPATH\Boot.php(334): CodeIgniter\CodeIgniter->run()
 5 SYSTEMPATH\Boot.php(67): CodeIgniter\Boot::runCodeIgniter(Object(CodeIgniter\CodeIgniter))
 6 FCPATH\index.php(59): CodeIgniter\Boot::bootWeb(Object(Config\Paths))
 7 SYSTEMPATH\rewrite.php(44): require_once('C:\\laragon\\www\\projek\\public\\index.php')
DEBUG - 2025-09-03 16:11:46 --> Session: Class initialized using 'CodeIgniter\Session\Handlers\FileHandler' driver.
WARNING - 2025-09-03 16:11:46 --> [DEPRECATED] Creation of dynamic property App\Controllers\AdminController::$wishlistModel is deprecated in APPPATH\Controllers\AdminController.php on line 29.
 1 SYSTEMPATH\CodeIgniter.php(903): App\Controllers\AdminController->__construct()
 2 SYSTEMPATH\CodeIgniter.php(498): CodeIgniter\CodeIgniter->createController()
 3 SYSTEMPATH\CodeIgniter.php(354): CodeIgniter\CodeIgniter->handleRequest(null, Object(Config\Cache), false)
 4 SYSTEMPATH\Boot.php(334): CodeIgniter\CodeIgniter->run()
 5 SYSTEMPATH\Boot.php(67): CodeIgniter\Boot::runCodeIgniter(Object(CodeIgniter\CodeIgniter))
 6 FCPATH\index.php(59): CodeIgniter\Boot::bootWeb(Object(Config\Paths))
 7 SYSTEMPATH\rewrite.php(44): require_once('C:\\laragon\\www\\projek\\public\\index.php')
DEBUG - 2025-09-03 16:18:35 --> Session: Class initialized using 'CodeIgniter\Session\Handlers\FileHandler' driver.
WARNING - 2025-09-03 16:18:35 --> [DEPRECATED] Creation of dynamic property App\Controllers\AdminController::$wishlistModel is deprecated in APPPATH\Controllers\AdminController.php on line 29.
 1 SYSTEMPATH\CodeIgniter.php(903): App\Controllers\AdminController->__construct()
 2 SYSTEMPATH\CodeIgniter.php(498): CodeIgniter\CodeIgniter->createController()
 3 SYSTEMPATH\CodeIgniter.php(354): CodeIgniter\CodeIgniter->handleRequest(null, Object(Config\Cache), false)
 4 SYSTEMPATH\Boot.php(334): CodeIgniter\CodeIgniter->run()
 5 SYSTEMPATH\Boot.php(67): CodeIgniter\Boot::runCodeIgniter(Object(CodeIgniter\CodeIgniter))
 6 FCPATH\index.php(59): CodeIgniter\Boot::bootWeb(Object(Config\Paths))
 7 SYSTEMPATH\rewrite.php(44): require_once('C:\\laragon\\www\\projek\\public\\index.php')
DEBUG - 2025-09-03 16:21:37 --> Session: Class initialized using 'CodeIgniter\Session\Handlers\FileHandler' driver.
WARNING - 2025-09-03 16:21:37 --> [DEPRECATED] Creation of dynamic property App\Controllers\AdminController::$wishlistModel is deprecated in APPPATH\Controllers\AdminController.php on line 29.
 1 SYSTEMPATH\CodeIgniter.php(903): App\Controllers\AdminController->__construct()
 2 SYSTEMPATH\CodeIgniter.php(498): CodeIgniter\CodeIgniter->createController()
 3 SYSTEMPATH\CodeIgniter.php(354): CodeIgniter\CodeIgniter->handleRequest(null, Object(Config\Cache), false)
 4 SYSTEMPATH\Boot.php(334): CodeIgniter\CodeIgniter->run()
 5 SYSTEMPATH\Boot.php(67): CodeIgniter\Boot::runCodeIgniter(Object(CodeIgniter\CodeIgniter))
 6 FCPATH\index.php(59): CodeIgniter\Boot::bootWeb(Object(Config\Paths))
 7 SYSTEMPATH\rewrite.php(44): require_once('C:\\laragon\\www\\projek\\public\\index.php')
DEBUG - 2025-09-03 16:44:26 --> Session: Class initialized using 'CodeIgniter\Session\Handlers\FileHandler' driver.
WARNING - 2025-09-03 16:44:26 --> [DEPRECATED] Creation of dynamic property App\Controllers\AdminController::$wishlistModel is deprecated in APPPATH\Controllers\AdminController.php on line 29.
 1 SYSTEMPATH\CodeIgniter.php(903): App\Controllers\AdminController->__construct()
 2 SYSTEMPATH\CodeIgniter.php(498): CodeIgniter\CodeIgniter->createController()
 3 SYSTEMPATH\CodeIgniter.php(354): CodeIgniter\CodeIgniter->handleRequest(null, Object(Config\Cache), false)
 4 SYSTEMPATH\Boot.php(334): CodeIgniter\CodeIgniter->run()
 5 SYSTEMPATH\Boot.php(67): CodeIgniter\Boot::runCodeIgniter(Object(CodeIgniter\CodeIgniter))
 6 FCPATH\index.php(59): CodeIgniter\Boot::bootWeb(Object(Config\Paths))
 7 SYSTEMPATH\rewrite.php(44): require_once('C:\\laragon\\www\\projek\\public\\index.php')
DEBUG - 2025-09-03 16:45:13 --> Session: Class initialized using 'CodeIgniter\Session\Handlers\FileHandler' driver.
WARNING - 2025-09-03 16:45:13 --> [DEPRECATED] Creation of dynamic property App\Controllers\AdminController::$wishlistModel is deprecated in APPPATH\Controllers\AdminController.php on line 29.
 1 SYSTEMPATH\CodeIgniter.php(903): App\Controllers\AdminController->__construct()
 2 SYSTEMPATH\CodeIgniter.php(498): CodeIgniter\CodeIgniter->createController()
 3 SYSTEMPATH\CodeIgniter.php(354): CodeIgniter\CodeIgniter->handleRequest(null, Object(Config\Cache), false)
 4 SYSTEMPATH\Boot.php(334): CodeIgniter\CodeIgniter->run()
 5 SYSTEMPATH\Boot.php(67): CodeIgniter\Boot::runCodeIgniter(Object(CodeIgniter\CodeIgniter))
 6 FCPATH\index.php(59): CodeIgniter\Boot::bootWeb(Object(Config\Paths))
 7 SYSTEMPATH\rewrite.php(44): require_once('C:\\laragon\\www\\projek\\public\\index.php')
DEBUG - 2025-09-03 16:45:22 --> Session: Class initialized using 'CodeIgniter\Session\Handlers\FileHandler' driver.
WARNING - 2025-09-03 16:45:22 --> [DEPRECATED] Creation of dynamic property App\Controllers\AdminController::$wishlistModel is deprecated in APPPATH\Controllers\AdminController.php on line 29.
 1 SYSTEMPATH\CodeIgniter.php(903): App\Controllers\AdminController->__construct()
 2 SYSTEMPATH\CodeIgniter.php(498): CodeIgniter\CodeIgniter->createController()
 3 SYSTEMPATH\CodeIgniter.php(354): CodeIgniter\CodeIgniter->handleRequest(null, Object(Config\Cache), false)
 4 SYSTEMPATH\Boot.php(334): CodeIgniter\CodeIgniter->run()
 5 SYSTEMPATH\Boot.php(67): CodeIgniter\Boot::runCodeIgniter(Object(CodeIgniter\CodeIgniter))
 6 FCPATH\index.php(59): CodeIgniter\Boot::bootWeb(Object(Config\Paths))
 7 SYSTEMPATH\rewrite.php(44): require_once('C:\\laragon\\www\\projek\\public\\index.php')
DEBUG - 2025-09-03 16:48:10 --> Session: Class initialized using 'CodeIgniter\Session\Handlers\FileHandler' driver.
WARNING - 2025-09-03 16:48:10 --> [DEPRECATED] Creation of dynamic property App\Controllers\AdminController::$wishlistModel is deprecated in APPPATH\Controllers\AdminController.php on line 29.
 1 SYSTEMPATH\CodeIgniter.php(903): App\Controllers\AdminController->__construct()
 2 SYSTEMPATH\CodeIgniter.php(498): CodeIgniter\CodeIgniter->createController()
 3 SYSTEMPATH\CodeIgniter.php(354): CodeIgniter\CodeIgniter->handleRequest(null, Object(Config\Cache), false)
 4 SYSTEMPATH\Boot.php(334): CodeIgniter\CodeIgniter->run()
 5 SYSTEMPATH\Boot.php(67): CodeIgniter\Boot::runCodeIgniter(Object(CodeIgniter\CodeIgniter))
 6 FCPATH\index.php(59): CodeIgniter\Boot::bootWeb(Object(Config\Paths))
 7 SYSTEMPATH\rewrite.php(44): require_once('C:\\laragon\\www\\projek\\public\\index.php')
DEBUG - 2025-09-03 16:56:25 --> Session: Class initialized using 'CodeIgniter\Session\Handlers\FileHandler' driver.
WARNING - 2025-09-03 16:56:25 --> [DEPRECATED] Creation of dynamic property App\Controllers\AdminController::$wishlistModel is deprecated in APPPATH\Controllers\AdminController.php on line 29.
 1 SYSTEMPATH\CodeIgniter.php(903): App\Controllers\AdminController->__construct()
 2 SYSTEMPATH\CodeIgniter.php(498): CodeIgniter\CodeIgniter->createController()
 3 SYSTEMPATH\CodeIgniter.php(354): CodeIgniter\CodeIgniter->handleRequest(null, Object(Config\Cache), false)
 4 SYSTEMPATH\Boot.php(334): CodeIgniter\CodeIgniter->run()
 5 SYSTEMPATH\Boot.php(67): CodeIgniter\Boot::runCodeIgniter(Object(CodeIgniter\CodeIgniter))
 6 FCPATH\index.php(59): CodeIgniter\Boot::bootWeb(Object(Config\Paths))
 7 SYSTEMPATH\rewrite.php(44): require_once('C:\\laragon\\www\\projek\\public\\index.php')
DEBUG - 2025-09-03 17:01:23 --> Session: Class initialized using 'CodeIgniter\Session\Handlers\FileHandler' driver.
WARNING - 2025-09-03 17:01:23 --> [DEPRECATED] Creation of dynamic property App\Controllers\AdminController::$wishlistModel is deprecated in APPPATH\Controllers\AdminController.php on line 29.
 1 SYSTEMPATH\CodeIgniter.php(903): App\Controllers\AdminController->__construct()
 2 SYSTEMPATH\CodeIgniter.php(498): CodeIgniter\CodeIgniter->createController()
 3 SYSTEMPATH\CodeIgniter.php(354): CodeIgniter\CodeIgniter->handleRequest(null, Object(Config\Cache), false)
 4 SYSTEMPATH\Boot.php(334): CodeIgniter\CodeIgniter->run()
 5 SYSTEMPATH\Boot.php(67): CodeIgniter\Boot::runCodeIgniter(Object(CodeIgniter\CodeIgniter))
 6 FCPATH\index.php(59): CodeIgniter\Boot::bootWeb(Object(Config\Paths))
 7 SYSTEMPATH\rewrite.php(44): require_once('C:\\laragon\\www\\projek\\public\\index.php')
DEBUG - 2025-09-03 17:19:51 --> Session: Class initialized using 'CodeIgniter\Session\Handlers\FileHandler' driver.
WARNING - 2025-09-03 17:19:51 --> [DEPRECATED] Creation of dynamic property App\Controllers\AdminController::$wishlistModel is deprecated in APPPATH\Controllers\AdminController.php on line 29.
 1 SYSTEMPATH\CodeIgniter.php(903): App\Controllers\AdminController->__construct()
 2 SYSTEMPATH\CodeIgniter.php(498): CodeIgniter\CodeIgniter->createController()
 3 SYSTEMPATH\CodeIgniter.php(354): CodeIgniter\CodeIgniter->handleRequest(null, Object(Config\Cache), false)
 4 SYSTEMPATH\Boot.php(334): CodeIgniter\CodeIgniter->run()
 5 SYSTEMPATH\Boot.php(67): CodeIgniter\Boot::runCodeIgniter(Object(CodeIgniter\CodeIgniter))
 6 FCPATH\index.php(59): CodeIgniter\Boot::bootWeb(Object(Config\Paths))
 7 SYSTEMPATH\rewrite.php(44): require_once('C:\\laragon\\www\\projek\\public\\index.php')
WARNING - 2025-09-03 17:21:27 --> [DEPRECATED] Creation of dynamic property App\Controllers\UserController::$wishlistModel is deprecated in APPPATH\Controllers\UserController.php on line 17.
 1 SYSTEMPATH\CodeIgniter.php(903): App\Controllers\UserController->__construct()
 2 SYSTEMPATH\CodeIgniter.php(498): CodeIgniter\CodeIgniter->createController()
 3 SYSTEMPATH\CodeIgniter.php(354): CodeIgniter\CodeIgniter->handleRequest(null, Object(Config\Cache), false)
 4 SYSTEMPATH\Boot.php(334): CodeIgniter\CodeIgniter->run()
 5 SYSTEMPATH\Boot.php(67): CodeIgniter\Boot::runCodeIgniter(Object(CodeIgniter\CodeIgniter))
 6 FCPATH\index.php(59): CodeIgniter\Boot::bootWeb(Object(Config\Paths))
 7 SYSTEMPATH\rewrite.php(44): require_once('C:\\laragon\\www\\projek\\public\\index.php')
DEBUG - 2025-09-03 17:21:27 --> Session: Class initialized using 'CodeIgniter\Session\Handlers\FileHandler' driver.
DEBUG - 2025-09-03 17:21:28 --> Session: Class initialized using 'CodeIgniter\Session\Handlers\FileHandler' driver.
DEBUG - 2025-09-03 18:48:13 --> Session: Class initialized using 'CodeIgniter\Session\Handlers\FileHandler' driver.
WARNING - 2025-09-03 18:48:15 --> [DEPRECATED] Creation of dynamic property App\Controllers\AdminController::$wishlistModel is deprecated in APPPATH\Controllers\AdminController.php on line 29.
 1 SYSTEMPATH\CodeIgniter.php(903): App\Controllers\AdminController->__construct()
 2 SYSTEMPATH\CodeIgniter.php(498): CodeIgniter\CodeIgniter->createController()
 3 SYSTEMPATH\CodeIgniter.php(354): CodeIgniter\CodeIgniter->handleRequest(null, Object(Config\Cache), false)
 4 SYSTEMPATH\Boot.php(334): CodeIgniter\CodeIgniter->run()
 5 SYSTEMPATH\Boot.php(67): CodeIgniter\Boot::runCodeIgniter(Object(CodeIgniter\CodeIgniter))
 6 FCPATH\index.php(59): CodeIgniter\Boot::bootWeb(Object(Config\Paths))
 7 SYSTEMPATH\rewrite.php(44): require_once('C:\\laragon\\www\\projek\\public\\index.php')
DEBUG - 2025-09-03 18:52:39 --> Session: Class initialized using 'CodeIgniter\Session\Handlers\FileHandler' driver.
WARNING - 2025-09-03 18:52:39 --> [DEPRECATED] Creation of dynamic property App\Controllers\AdminController::$wishlistModel is deprecated in APPPATH\Controllers\AdminController.php on line 29.
 1 SYSTEMPATH\CodeIgniter.php(903): App\Controllers\AdminController->__construct()
 2 SYSTEMPATH\CodeIgniter.php(498): CodeIgniter\CodeIgniter->createController()
 3 SYSTEMPATH\CodeIgniter.php(354): CodeIgniter\CodeIgniter->handleRequest(null, Object(Config\Cache), false)
 4 SYSTEMPATH\Boot.php(334): CodeIgniter\CodeIgniter->run()
 5 SYSTEMPATH\Boot.php(67): CodeIgniter\Boot::runCodeIgniter(Object(CodeIgniter\CodeIgniter))
 6 FCPATH\index.php(59): CodeIgniter\Boot::bootWeb(Object(Config\Paths))
 7 SYSTEMPATH\rewrite.php(44): require_once('C:\\laragon\\www\\projek\\public\\index.php')
DEBUG - 2025-09-03 18:53:49 --> Session: Class initialized using 'CodeIgniter\Session\Handlers\FileHandler' driver.
DEBUG - 2025-09-03 18:53:59 --> Login attempt: haydy with password: 123456
DEBUG - 2025-09-03 18:53:59 --> Search by email result: 
DEBUG - 2025-09-03 18:53:59 --> Search by username result: Array
(
    [id] => 3
    [user_id] => 3
    [Email] => farlyhay123@gmail.com
    [Password] => $2y$10$jup7ZDiRU1YrfyXdw65UPezdfC3OpWEHBAjYSiC/KpwHzYZNHJDxu
    [Role] => user
    [Username] => haydy
    [Nama_Asli] => Haydy
)

DEBUG - 2025-09-03 18:54:00 --> Password verify result: TRUE
DEBUG - 2025-09-03 18:54:00 --> Input password: 123456
DEBUG - 2025-09-03 18:54:00 --> Hash from DB: $2y$10$jup7ZDiRU1YrfyXdw65UPezdfC3OpWEHBAjYSiC/KpwHzYZNHJDxu
DEBUG - 2025-09-03 18:54:00 --> Session: Class initialized using 'CodeIgniter\Session\Handlers\FileHandler' driver.
DEBUG - 2025-09-03 18:54:00 --> Login success, role: user
DEBUG - 2025-09-03 18:54:00 --> Session data: Array
(
    [__ci_last_regenerate] => 1756925629
    [_ci_previous_url] => http://localhost:8080/index.php/login
    [isLoggedIn] => 1
    [user_id] => 3
    [userEmail] => farlyhay123@gmail.com
    [username] => haydy
    [Nama_Asli] => Haydy
    [role] => user
)

DEBUG - 2025-09-03 18:54:00 --> Redirecting to user dashboard
DEBUG - 2025-09-03 18:54:01 --> Session: Class initialized using 'CodeIgniter\Session\Handlers\FileHandler' driver.
DEBUG - 2025-09-03 18:54:04 --> Session: Class initialized using 'CodeIgniter\Session\Handlers\FileHandler' driver.
DEBUG - 2025-09-03 18:54:43 --> Session: Class initialized using 'CodeIgniter\Session\Handlers\FileHandler' driver.
DEBUG - 2025-09-03 18:55:26 --> Session: Class initialized using 'CodeIgniter\Session\Handlers\FileHandler' driver.
DEBUG - 2025-09-03 18:55:26 --> Session: Class initialized using 'CodeIgniter\Session\Handlers\FileHandler' driver.
DEBUG - 2025-09-03 18:55:30 --> Session: Class initialized using 'CodeIgniter\Session\Handlers\FileHandler' driver.
DEBUG - 2025-09-03 18:55:30 --> Session: Class initialized using 'CodeIgniter\Session\Handlers\FileHandler' driver.
DEBUG - 2025-09-03 18:55:33 --> Session: Class initialized using 'CodeIgniter\Session\Handlers\FileHandler' driver.
DEBUG - 2025-09-03 18:55:40 --> Login attempt: Farly with password: 123456
DEBUG - 2025-09-03 18:55:40 --> Search by email result: 
DEBUG - 2025-09-03 18:55:40 --> Search by username result: Array
(
    [id] => 2
    [user_id] => 2
    [Email] => farlyhaydy123@gmail.com
    [Password] => $2y$10$GaTSfL1XFzOsd7oagSooBezBcOkBZSb7siCcIogDPX6TfuDK9u61m
    [Role] => user
    [Username] => Farly
    [Nama_Asli] => Haydy
)

DEBUG - 2025-09-03 18:55:41 --> Password verify result: TRUE
DEBUG - 2025-09-03 18:55:41 --> Input password: 123456
DEBUG - 2025-09-03 18:55:41 --> Hash from DB: $2y$10$GaTSfL1XFzOsd7oagSooBezBcOkBZSb7siCcIogDPX6TfuDK9u61m
DEBUG - 2025-09-03 18:55:41 --> Session: Class initialized using 'CodeIgniter\Session\Handlers\FileHandler' driver.
DEBUG - 2025-09-03 18:55:41 --> Login success, role: user
DEBUG - 2025-09-03 18:55:41 --> Session data: Array
(
    [__ci_last_regenerate] => 1756925730
    [_ci_previous_url] => http://localhost:8080/index.php/login
    [isLoggedIn] => 1
    [user_id] => 2
    [userEmail] => farlyhaydy123@gmail.com
    [username] => Farly
    [Nama_Asli] => Haydy
    [role] => user
)

DEBUG - 2025-09-03 18:55:41 --> Redirecting to user dashboard
DEBUG - 2025-09-03 18:55:41 --> Session: Class initialized using 'CodeIgniter\Session\Handlers\FileHandler' driver.
DEBUG - 2025-09-03 18:55:46 --> Session: Class initialized using 'CodeIgniter\Session\Handlers\FileHandler' driver.
DEBUG - 2025-09-03 18:57:04 --> Session: Class initialized using 'CodeIgniter\Session\Handlers\FileHandler' driver.
DEBUG - 2025-09-03 18:57:08 --> Session: Class initialized using 'CodeIgniter\Session\Handlers\FileHandler' driver.
DEBUG - 2025-09-03 18:57:16 --> Session: Class initialized using 'CodeIgniter\Session\Handlers\FileHandler' driver.
DEBUG - 2025-09-03 18:57:22 --> Login attempt: Farly with password: 123456
DEBUG - 2025-09-03 18:57:22 --> Search by email result: 
DEBUG - 2025-09-03 18:57:22 --> Search by username result: Array
(
    [id] => 2
    [user_id] => 2
    [Email] => farlyhaydy123@gmail.com
    [Password] => $2y$10$GaTSfL1XFzOsd7oagSooBezBcOkBZSb7siCcIogDPX6TfuDK9u61m
    [Role] => user
    [Username] => Farly
    [Nama_Asli] => Haydy
)

DEBUG - 2025-09-03 18:57:22 --> Password verify result: TRUE
DEBUG - 2025-09-03 18:57:22 --> Input password: 123456
DEBUG - 2025-09-03 18:57:22 --> Hash from DB: $2y$10$GaTSfL1XFzOsd7oagSooBezBcOkBZSb7siCcIogDPX6TfuDK9u61m
DEBUG - 2025-09-03 18:57:22 --> Session: Class initialized using 'CodeIgniter\Session\Handlers\FileHandler' driver.
DEBUG - 2025-09-03 18:57:22 --> Login success, role: user
DEBUG - 2025-09-03 18:57:22 --> Session data: Array
(
    [__ci_last_regenerate] => 1756925730
    [_ci_previous_url] => http://localhost:8080/index.php/login
    [isLoggedIn] => 1
    [user_id] => 2
    [userEmail] => farlyhaydy123@gmail.com
    [username] => Farly
    [Nama_Asli] => Haydy
    [role] => user
)

DEBUG - 2025-09-03 18:57:22 --> Redirecting to user dashboard
DEBUG - 2025-09-03 18:57:23 --> Session: Class initialized using 'CodeIgniter\Session\Handlers\FileHandler' driver.
DEBUG - 2025-09-03 18:57:26 --> Session: Class initialized using 'CodeIgniter\Session\Handlers\FileHandler' driver.
DEBUG - 2025-09-03 18:57:54 --> Session: Class initialized using 'CodeIgniter\Session\Handlers\FileHandler' driver.
DEBUG - 2025-09-03 18:57:57 --> Session: Class initialized using 'CodeIgniter\Session\Handlers\FileHandler' driver.
DEBUG - 2025-09-03 18:57:57 --> Session: Class initialized using 'CodeIgniter\Session\Handlers\FileHandler' driver.
DEBUG - 2025-09-03 18:57:59 --> Session: Class initialized using 'CodeIgniter\Session\Handlers\FileHandler' driver.
DEBUG - 2025-09-03 18:58:01 --> Session: Class initialized using 'CodeIgniter\Session\Handlers\FileHandler' driver.
DEBUG - 2025-09-03 19:02:22 --> Session: Class initialized using 'CodeIgniter\Session\Handlers\FileHandler' driver.
DEBUG - 2025-09-03 19:02:28 --> Login attempt: Farly with password: 123456
DEBUG - 2025-09-03 19:02:28 --> Search by email result: 
DEBUG - 2025-09-03 19:02:28 --> Search by username result: Array
(
    [id] => 2
    [user_id] => 2
    [Email] => farlyhaydy123@gmail.com
    [Password] => $2y$10$GaTSfL1XFzOsd7oagSooBezBcOkBZSb7siCcIogDPX6TfuDK9u61m
    [Role] => user
    [Username] => Farly
    [Nama_Asli] => Haydy
)

DEBUG - 2025-09-03 19:02:28 --> Password verify result: TRUE
DEBUG - 2025-09-03 19:02:28 --> Input password: 123456
DEBUG - 2025-09-03 19:02:28 --> Hash from DB: $2y$10$GaTSfL1XFzOsd7oagSooBezBcOkBZSb7siCcIogDPX6TfuDK9u61m
DEBUG - 2025-09-03 19:02:28 --> Session: Class initialized using 'CodeIgniter\Session\Handlers\FileHandler' driver.
DEBUG - 2025-09-03 19:02:28 --> Login success, role: user
DEBUG - 2025-09-03 19:02:28 --> Session data: Array
(
    [__ci_last_regenerate] => 1756925877
    [_ci_previous_url] => http://localhost:8080/index.php/login
    [isLoggedIn] => 1
    [user_id] => 2
    [userEmail] => farlyhaydy123@gmail.com
    [username] => Farly
    [Nama_Asli] => Haydy
    [role] => user
)

DEBUG - 2025-09-03 19:02:28 --> Redirecting to user dashboard
DEBUG - 2025-09-03 19:02:29 --> Session: Class initialized using 'CodeIgniter\Session\Handlers\FileHandler' driver.
DEBUG - 2025-09-03 19:02:32 --> Session: Class initialized using 'CodeIgniter\Session\Handlers\FileHandler' driver.
DEBUG - 2025-09-03 19:02:47 --> Session: Class initialized using 'CodeIgniter\Session\Handlers\FileHandler' driver.
DEBUG - 2025-09-03 19:04:34 --> Session: Class initialized using 'CodeIgniter\Session\Handlers\FileHandler' driver.
DEBUG - 2025-09-03 19:04:41 --> Session: Class initialized using 'CodeIgniter\Session\Handlers\FileHandler' driver.
DEBUG - 2025-09-03 19:04:43 --> Session: Class initialized using 'CodeIgniter\Session\Handlers\FileHandler' driver.
DEBUG - 2025-09-03 19:04:50 --> Session: Class initialized using 'CodeIgniter\Session\Handlers\FileHandler' driver.
DEBUG - 2025-09-03 19:05:29 --> Session: Class initialized using 'CodeIgniter\Session\Handlers\FileHandler' driver.
DEBUG - 2025-09-03 19:05:39 --> Login attempt: admin with password: admin123
DEBUG - 2025-09-03 19:05:39 --> Search by email result: 
DEBUG - 2025-09-03 19:05:39 --> Search by username result: Array
(
    [id] => 1
    [user_id] => 1
    [Email] => admin@banjarmasin.com
    [Password] => $2y$10$5iW2j4qMqg0s.yiOVhvQC.UgHJEWHGM0YZE2cc.q8Qbv43lM75XSm
    [Role] => admin
    [Username] => admin
    [Nama_Asli] => Administrator
)

DEBUG - 2025-09-03 19:05:39 --> Password verify result: TRUE
DEBUG - 2025-09-03 19:05:39 --> Input password: admin123
DEBUG - 2025-09-03 19:05:39 --> Hash from DB: $2y$10$5iW2j4qMqg0s.yiOVhvQC.UgHJEWHGM0YZE2cc.q8Qbv43lM75XSm
DEBUG - 2025-09-03 19:05:39 --> Session: Class initialized using 'CodeIgniter\Session\Handlers\FileHandler' driver.
DEBUG - 2025-09-03 19:05:39 --> Login success, role: admin
DEBUG - 2025-09-03 19:05:39 --> Session data: Array
(
    [__ci_last_regenerate] => 1756926339
    [_ci_previous_url] => http://localhost:8080/index.php/login
    [isLoggedIn] => 1
    [user_id] => 1
    [userEmail] => admin@banjarmasin.com
    [username] => admin
    [Nama_Asli] => Administrator
    [role] => admin
)

DEBUG - 2025-09-03 19:05:39 --> Redirecting to admin dashboard
DEBUG - 2025-09-03 19:05:40 --> Session: Class initialized using 'CodeIgniter\Session\Handlers\FileHandler' driver.
WARNING - 2025-09-03 19:05:40 --> [DEPRECATED] Creation of dynamic property App\Controllers\AdminController::$wishlistModel is deprecated in APPPATH\Controllers\AdminController.php on line 29.
 1 SYSTEMPATH\CodeIgniter.php(903): App\Controllers\AdminController->__construct()
 2 SYSTEMPATH\CodeIgniter.php(498): CodeIgniter\CodeIgniter->createController()
 3 SYSTEMPATH\CodeIgniter.php(354): CodeIgniter\CodeIgniter->handleRequest(null, Object(Config\Cache), false)
 4 SYSTEMPATH\Boot.php(334): CodeIgniter\CodeIgniter->run()
 5 SYSTEMPATH\Boot.php(67): CodeIgniter\Boot::runCodeIgniter(Object(CodeIgniter\CodeIgniter))
 6 FCPATH\index.php(59): CodeIgniter\Boot::bootWeb(Object(Config\Paths))
 7 SYSTEMPATH\rewrite.php(44): require_once('C:\\laragon\\www\\projek\\public\\index.php')
DEBUG - 2025-09-03 19:06:23 --> Session: Class initialized using 'CodeIgniter\Session\Handlers\FileHandler' driver.
WARNING - 2025-09-03 19:06:23 --> [DEPRECATED] Creation of dynamic property App\Controllers\AdminController::$wishlistModel is deprecated in APPPATH\Controllers\AdminController.php on line 29.
 1 SYSTEMPATH\CodeIgniter.php(903): App\Controllers\AdminController->__construct()
 2 SYSTEMPATH\CodeIgniter.php(498): CodeIgniter\CodeIgniter->createController()
 3 SYSTEMPATH\CodeIgniter.php(354): CodeIgniter\CodeIgniter->handleRequest(null, Object(Config\Cache), false)
 4 SYSTEMPATH\Boot.php(334): CodeIgniter\CodeIgniter->run()
 5 SYSTEMPATH\Boot.php(67): CodeIgniter\Boot::runCodeIgniter(Object(CodeIgniter\CodeIgniter))
 6 FCPATH\index.php(59): CodeIgniter\Boot::bootWeb(Object(Config\Paths))
 7 SYSTEMPATH\rewrite.php(44): require_once('C:\\laragon\\www\\projek\\public\\index.php')
DEBUG - 2025-09-03 19:06:58 --> Session: Class initialized using 'CodeIgniter\Session\Handlers\FileHandler' driver.
DEBUG - 2025-09-03 19:06:58 --> Session: Class initialized using 'CodeIgniter\Session\Handlers\FileHandler' driver.
DEBUG - 2025-09-03 19:07:00 --> Session: Class initialized using 'CodeIgniter\Session\Handlers\FileHandler' driver.
DEBUG - 2025-09-03 19:07:07 --> Login attempt: haydy with password: 123456
DEBUG - 2025-09-03 19:07:07 --> Search by email result: 
DEBUG - 2025-09-03 19:07:07 --> Search by username result: Array
(
    [id] => 3
    [user_id] => 3
    [Email] => farlyhay123@gmail.com
    [Password] => $2y$10$jup7ZDiRU1YrfyXdw65UPezdfC3OpWEHBAjYSiC/KpwHzYZNHJDxu
    [Role] => user
    [Username] => haydy
    [Nama_Asli] => Haydy
)

DEBUG - 2025-09-03 19:07:07 --> Password verify result: TRUE
DEBUG - 2025-09-03 19:07:07 --> Input password: 123456
DEBUG - 2025-09-03 19:07:07 --> Hash from DB: $2y$10$jup7ZDiRU1YrfyXdw65UPezdfC3OpWEHBAjYSiC/KpwHzYZNHJDxu
DEBUG - 2025-09-03 19:07:07 --> Session: Class initialized using 'CodeIgniter\Session\Handlers\FileHandler' driver.
DEBUG - 2025-09-03 19:07:07 --> Login success, role: user
DEBUG - 2025-09-03 19:07:07 --> Session data: Array
(
    [__ci_last_regenerate] => 1756926418
    [_ci_previous_url] => http://localhost:8080/index.php/login
    [isLoggedIn] => 1
    [user_id] => 3
    [userEmail] => farlyhay123@gmail.com
    [username] => haydy
    [Nama_Asli] => Haydy
    [role] => user
)

DEBUG - 2025-09-03 19:07:07 --> Redirecting to user dashboard
DEBUG - 2025-09-03 19:07:08 --> Session: Class initialized using 'CodeIgniter\Session\Handlers\FileHandler' driver.
DEBUG - 2025-09-03 19:07:10 --> Session: Class initialized using 'CodeIgniter\Session\Handlers\FileHandler' driver.
DEBUG - 2025-09-03 19:07:16 --> Session: Class initialized using 'CodeIgniter\Session\Handlers\FileHandler' driver.
DEBUG - 2025-09-03 19:07:56 --> Session: Class initialized using 'CodeIgniter\Session\Handlers\FileHandler' driver.
DEBUG - 2025-09-03 19:07:56 --> Session: Class initialized using 'CodeIgniter\Session\Handlers\FileHandler' driver.
DEBUG - 2025-09-03 19:08:04 --> Session: Class initialized using 'CodeIgniter\Session\Handlers\FileHandler' driver.
DEBUG - 2025-09-03 19:08:07 --> Session: Class initialized using 'CodeIgniter\Session\Handlers\FileHandler' driver.
WARNING - 2025-09-03 19:08:07 --> [DEPRECATED] Creation of dynamic property App\Controllers\AdminController::$wishlistModel is deprecated in APPPATH\Controllers\AdminController.php on line 29.
 1 SYSTEMPATH\CodeIgniter.php(903): App\Controllers\AdminController->__construct()
 2 SYSTEMPATH\CodeIgniter.php(498): CodeIgniter\CodeIgniter->createController()
 3 SYSTEMPATH\CodeIgniter.php(354): CodeIgniter\CodeIgniter->handleRequest(null, Object(Config\Cache), false)
 4 SYSTEMPATH\Boot.php(334): CodeIgniter\CodeIgniter->run()
 5 SYSTEMPATH\Boot.php(67): CodeIgniter\Boot::runCodeIgniter(Object(CodeIgniter\CodeIgniter))
 6 FCPATH\index.php(59): CodeIgniter\Boot::bootWeb(Object(Config\Paths))
 7 SYSTEMPATH\rewrite.php(44): require_once('C:\\laragon\\www\\projek\\public\\index.php')
DEBUG - 2025-09-03 19:09:35 --> Session: Class initialized using 'CodeIgniter\Session\Handlers\FileHandler' driver.
DEBUG - 2025-09-03 19:09:35 --> Session: Class initialized using 'CodeIgniter\Session\Handlers\FileHandler' driver.
DEBUG - 2025-09-03 19:09:39 --> Session: Class initialized using 'CodeIgniter\Session\Handlers\FileHandler' driver.
WARNING - 2025-09-03 19:09:39 --> [DEPRECATED] Creation of dynamic property App\Controllers\AdminController::$wishlistModel is deprecated in APPPATH\Controllers\AdminController.php on line 29.
 1 SYSTEMPATH\CodeIgniter.php(903): App\Controllers\AdminController->__construct()
 2 SYSTEMPATH\CodeIgniter.php(498): CodeIgniter\CodeIgniter->createController()
 3 SYSTEMPATH\CodeIgniter.php(354): CodeIgniter\CodeIgniter->handleRequest(null, Object(Config\Cache), false)
 4 SYSTEMPATH\Boot.php(334): CodeIgniter\CodeIgniter->run()
 5 SYSTEMPATH\Boot.php(67): CodeIgniter\Boot::runCodeIgniter(Object(CodeIgniter\CodeIgniter))
 6 FCPATH\index.php(59): CodeIgniter\Boot::bootWeb(Object(Config\Paths))
 7 SYSTEMPATH\rewrite.php(44): require_once('C:\\laragon\\www\\projek\\public\\index.php')
DEBUG - 2025-09-03 19:09:48 --> Session: Class initialized using 'CodeIgniter\Session\Handlers\FileHandler' driver.
DEBUG - 2025-09-03 20:04:20 --> Session: Class initialized using 'CodeIgniter\Session\Handlers\FileHandler' driver.
DEBUG - 2025-09-03 20:04:23 --> Session: Class initialized using 'CodeIgniter\Session\Handlers\FileHandler' driver.
DEBUG - 2025-09-03 20:04:25 --> Session: Class initialized using 'CodeIgniter\Session\Handlers\FileHandler' driver.
DEBUG - 2025-09-03 20:04:29 --> Session: Class initialized using 'CodeIgniter\Session\Handlers\FileHandler' driver.
DEBUG - 2025-09-03 20:04:30 --> Session: Class initialized using 'CodeIgniter\Session\Handlers\FileHandler' driver.
WARNING - 2025-09-03 20:04:50 --> [DEPRECATED] Creation of dynamic property App\Controllers\UserController::$wishlistModel is deprecated in APPPATH\Controllers\UserController.php on line 17.
 1 SYSTEMPATH\CodeIgniter.php(903): App\Controllers\UserController->__construct()
 2 SYSTEMPATH\CodeIgniter.php(498): CodeIgniter\CodeIgniter->createController()
 3 SYSTEMPATH\CodeIgniter.php(354): CodeIgniter\CodeIgniter->handleRequest(null, Object(Config\Cache), false)
 4 SYSTEMPATH\Boot.php(334): CodeIgniter\CodeIgniter->run()
 5 SYSTEMPATH\Boot.php(67): CodeIgniter\Boot::runCodeIgniter(Object(CodeIgniter\CodeIgniter))
 6 FCPATH\index.php(59): CodeIgniter\Boot::bootWeb(Object(Config\Paths))
 7 SYSTEMPATH\rewrite.php(44): require_once('C:\\laragon\\www\\projek\\public\\index.php')
DEBUG - 2025-09-03 20:04:50 --> Session: Class initialized using 'CodeIgniter\Session\Handlers\FileHandler' driver.
WARNING - 2025-09-03 20:04:53 --> [DEPRECATED] Creation of dynamic property App\Controllers\UserController::$wishlistModel is deprecated in APPPATH\Controllers\UserController.php on line 17.
 1 SYSTEMPATH\CodeIgniter.php(903): App\Controllers\UserController->__construct()
 2 SYSTEMPATH\CodeIgniter.php(498): CodeIgniter\CodeIgniter->createController()
 3 SYSTEMPATH\CodeIgniter.php(354): CodeIgniter\CodeIgniter->handleRequest(null, Object(Config\Cache), false)
 4 SYSTEMPATH\Boot.php(334): CodeIgniter\CodeIgniter->run()
 5 SYSTEMPATH\Boot.php(67): CodeIgniter\Boot::runCodeIgniter(Object(CodeIgniter\CodeIgniter))
 6 FCPATH\index.php(59): CodeIgniter\Boot::bootWeb(Object(Config\Paths))
 7 SYSTEMPATH\rewrite.php(44): require_once('C:\\laragon\\www\\projek\\public\\index.php')
DEBUG - 2025-09-03 20:04:53 --> Session: Class initialized using 'CodeIgniter\Session\Handlers\FileHandler' driver.
WARNING - 2025-09-03 20:04:54 --> [DEPRECATED] Creation of dynamic property App\Controllers\UserController::$wishlistModel is deprecated in APPPATH\Controllers\UserController.php on line 17.
 1 SYSTEMPATH\CodeIgniter.php(903): App\Controllers\UserController->__construct()
 2 SYSTEMPATH\CodeIgniter.php(498): CodeIgniter\CodeIgniter->createController()
 3 SYSTEMPATH\CodeIgniter.php(354): CodeIgniter\CodeIgniter->handleRequest(null, Object(Config\Cache), false)
 4 SYSTEMPATH\Boot.php(334): CodeIgniter\CodeIgniter->run()
 5 SYSTEMPATH\Boot.php(67): CodeIgniter\Boot::runCodeIgniter(Object(CodeIgniter\CodeIgniter))
 6 FCPATH\index.php(59): CodeIgniter\Boot::bootWeb(Object(Config\Paths))
 7 SYSTEMPATH\rewrite.php(44): require_once('C:\\laragon\\www\\projek\\public\\index.php')
DEBUG - 2025-09-03 20:04:54 --> Session: Class initialized using 'CodeIgniter\Session\Handlers\FileHandler' driver.
WARNING - 2025-09-03 20:04:56 --> [DEPRECATED] Creation of dynamic property App\Controllers\UserController::$wishlistModel is deprecated in APPPATH\Controllers\UserController.php on line 17.
 1 SYSTEMPATH\CodeIgniter.php(903): App\Controllers\UserController->__construct()
 2 SYSTEMPATH\CodeIgniter.php(498): CodeIgniter\CodeIgniter->createController()
 3 SYSTEMPATH\CodeIgniter.php(354): CodeIgniter\CodeIgniter->handleRequest(null, Object(Config\Cache), false)
 4 SYSTEMPATH\Boot.php(334): CodeIgniter\CodeIgniter->run()
 5 SYSTEMPATH\Boot.php(67): CodeIgniter\Boot::runCodeIgniter(Object(CodeIgniter\CodeIgniter))
 6 FCPATH\index.php(59): CodeIgniter\Boot::bootWeb(Object(Config\Paths))
 7 SYSTEMPATH\rewrite.php(44): require_once('C:\\laragon\\www\\projek\\public\\index.php')
DEBUG - 2025-09-03 20:04:56 --> Session: Class initialized using 'CodeIgniter\Session\Handlers\FileHandler' driver.
DEBUG - 2025-09-03 20:04:57 --> Session: Class initialized using 'CodeIgniter\Session\Handlers\FileHandler' driver.
DEBUG - 2025-09-03 20:27:47 --> Session: Class initialized using 'CodeIgniter\Session\Handlers\FileHandler' driver.
WARNING - 2025-09-03 20:27:54 --> [DEPRECATED] Creation of dynamic property App\Controllers\UserController::$wishlistModel is deprecated in APPPATH\Controllers\UserController.php on line 17.
 1 SYSTEMPATH\CodeIgniter.php(903): App\Controllers\UserController->__construct()
 2 SYSTEMPATH\CodeIgniter.php(498): CodeIgniter\CodeIgniter->createController()
 3 SYSTEMPATH\CodeIgniter.php(354): CodeIgniter\CodeIgniter->handleRequest(null, Object(Config\Cache), false)
 4 SYSTEMPATH\Boot.php(334): CodeIgniter\CodeIgniter->run()
 5 SYSTEMPATH\Boot.php(67): CodeIgniter\Boot::runCodeIgniter(Object(CodeIgniter\CodeIgniter))
 6 FCPATH\index.php(59): CodeIgniter\Boot::bootWeb(Object(Config\Paths))
 7 SYSTEMPATH\rewrite.php(44): require_once('C:\\laragon\\www\\projek\\public\\index.php')
DEBUG - 2025-09-03 20:27:54 --> Session: Class initialized using 'CodeIgniter\Session\Handlers\FileHandler' driver.
WARNING - 2025-09-03 20:27:57 --> [DEPRECATED] Creation of dynamic property App\Controllers\UserController::$wishlistModel is deprecated in APPPATH\Controllers\UserController.php on line 17.
 1 SYSTEMPATH\CodeIgniter.php(903): App\Controllers\UserController->__construct()
 2 SYSTEMPATH\CodeIgniter.php(498): CodeIgniter\CodeIgniter->createController()
 3 SYSTEMPATH\CodeIgniter.php(354): CodeIgniter\CodeIgniter->handleRequest(null, Object(Config\Cache), false)
 4 SYSTEMPATH\Boot.php(334): CodeIgniter\CodeIgniter->run()
 5 SYSTEMPATH\Boot.php(67): CodeIgniter\Boot::runCodeIgniter(Object(CodeIgniter\CodeIgniter))
 6 FCPATH\index.php(59): CodeIgniter\Boot::bootWeb(Object(Config\Paths))
 7 SYSTEMPATH\rewrite.php(44): require_once('C:\\laragon\\www\\projek\\public\\index.php')
DEBUG - 2025-09-03 20:27:57 --> Session: Class initialized using 'CodeIgniter\Session\Handlers\FileHandler' driver.
WARNING - 2025-09-03 20:28:00 --> [DEPRECATED] Creation of dynamic property App\Controllers\UserController::$wishlistModel is deprecated in APPPATH\Controllers\UserController.php on line 17.
 1 SYSTEMPATH\CodeIgniter.php(903): App\Controllers\UserController->__construct()
 2 SYSTEMPATH\CodeIgniter.php(498): CodeIgniter\CodeIgniter->createController()
 3 SYSTEMPATH\CodeIgniter.php(354): CodeIgniter\CodeIgniter->handleRequest(null, Object(Config\Cache), false)
 4 SYSTEMPATH\Boot.php(334): CodeIgniter\CodeIgniter->run()
 5 SYSTEMPATH\Boot.php(67): CodeIgniter\Boot::runCodeIgniter(Object(CodeIgniter\CodeIgniter))
 6 FCPATH\index.php(59): CodeIgniter\Boot::bootWeb(Object(Config\Paths))
 7 SYSTEMPATH\rewrite.php(44): require_once('C:\\laragon\\www\\projek\\public\\index.php')
DEBUG - 2025-09-03 20:28:00 --> Session: Class initialized using 'CodeIgniter\Session\Handlers\FileHandler' driver.
DEBUG - 2025-09-03 20:28:01 --> Session: Class initialized using 'CodeIgniter\Session\Handlers\FileHandler' driver.
DEBUG - 2025-09-03 20:28:03 --> Session: Class initialized using 'CodeIgniter\Session\Handlers\FileHandler' driver.
DEBUG - 2025-09-03 20:28:06 --> Session: Class initialized using 'CodeIgniter\Session\Handlers\FileHandler' driver.
DEBUG - 2025-09-03 20:28:10 --> Session: Class initialized using 'CodeIgniter\Session\Handlers\FileHandler' driver.
DEBUG - 2025-09-03 20:28:13 --> Session: Class initialized using 'CodeIgniter\Session\Handlers\FileHandler' driver.
WARNING - 2025-09-03 20:28:13 --> [DEPRECATED] Creation of dynamic property App\Controllers\AdminController::$wishlistModel is deprecated in APPPATH\Controllers\AdminController.php on line 29.
 1 SYSTEMPATH\CodeIgniter.php(903): App\Controllers\AdminController->__construct()
 2 SYSTEMPATH\CodeIgniter.php(498): CodeIgniter\CodeIgniter->createController()
 3 SYSTEMPATH\CodeIgniter.php(354): CodeIgniter\CodeIgniter->handleRequest(null, Object(Config\Cache), false)
 4 SYSTEMPATH\Boot.php(334): CodeIgniter\CodeIgniter->run()
 5 SYSTEMPATH\Boot.php(67): CodeIgniter\Boot::runCodeIgniter(Object(CodeIgniter\CodeIgniter))
 6 FCPATH\index.php(59): CodeIgniter\Boot::bootWeb(Object(Config\Paths))
 7 SYSTEMPATH\rewrite.php(44): require_once('C:\\laragon\\www\\projek\\public\\index.php')
